<?xml version="1.0" encoding="UTF-8"?>
<testsuite xmlns:xsi="http://www.w3.org/2001/XMLSchema-instance" xsi:noNamespaceSchemaLocation="https://maven.apache.org/surefire/maven-failsafe-plugin/xsd/failsafe-test-report-3.0.xsd" version="3.0" name="YO como empresa transportadora y administrador del E-commerce" time="70.419" tests="6" errors="0" skipped="0" failures="0">
  <properties>
    <property name="sun.desktop" value="windows"/>
    <property name="awt.toolkit" value="sun.awt.windows.WToolkit"/>
    <property name="java.specification.version" value="11"/>
    <property name="webdriver.chrome.driver" value="C:\Users\EdwinFerreira\.cache\selenium\chromedriver\win32\89.0.4389.23\chromedriver.exe"/>
    <property name="sun.cpu.isalist" value="amd64"/>
    <property name="sun.jnu.encoding" value="Cp1252"/>
    <property name="java.class.path" value="C:\Users\EdwinFerreira\Documents\bitsamericas\TestTransportation\target\test-classes;C:\Users\EdwinFerreira\.m2\repository\ch\qos\logback\logback-classic\1.0.13\logback-classic-1.0.13.jar;C:\Users\EdwinFerreira\.m2\repository\ch\qos\logback\logback-core\1.0.13\logback-core-1.0.13.jar;C:\Users\EdwinFerreira\.m2\repository\org\slf4j\slf4j-api\1.7.5\slf4j-api-1.7.5.jar;C:\Users\EdwinFerreira\.m2\repository\net\serenity-bdd\serenity-core\2.3.33\serenity-core-2.3.33.jar;C:\Users\EdwinFerreira\.m2\repository\net\serenity-bdd\serenity-model\2.3.33\serenity-model-2.3.33.jar;C:\Users\EdwinFerreira\.m2\repository\org\apache\commons\commons-text\1.9\commons-text-1.9.jar;C:\Users\EdwinFerreira\.m2\repository\commons-net\commons-net\3.6\commons-net-3.6.jar;C:\Users\EdwinFerreira\.m2\repository\com\google\guava\guava\30.1-jre\guava-30.1-jre.jar;C:\Users\EdwinFerreira\.m2\repository\com\google\guava\failureaccess\1.0.1\failureaccess-1.0.1.jar;C:\Users\EdwinFerreira\.m2\repository\com\google\guava\listenablefuture\9999.0-empty-to-avoid-conflict-with-guava\listenablefuture-9999.0-empty-to-avoid-conflict-with-guava.jar;C:\Users\EdwinFerreira\.m2\repository\com\google\code\findbugs\jsr305\3.0.2\jsr305-3.0.2.jar;C:\Users\EdwinFerreira\.m2\repository\org\checkerframework\checker-qual\3.5.0\checker-qual-3.5.0.jar;C:\Users\EdwinFerreira\.m2\repository\com\google\errorprone\error_prone_annotations\2.3.4\error_prone_annotations-2.3.4.jar;C:\Users\EdwinFerreira\.m2\repository\com\google\j2objc\j2objc-annotations\1.3\j2objc-annotations-1.3.jar;C:\Users\EdwinFerreira\.m2\repository\com\google\inject\guice\5.0.1\guice-5.0.1.jar;C:\Users\EdwinFerreira\.m2\repository\javax\inject\javax.inject\1\javax.inject-1.jar;C:\Users\EdwinFerreira\.m2\repository\aopalliance\aopalliance\1.0\aopalliance-1.0.jar;C:\Users\EdwinFerreira\.m2\repository\org\jsoup\jsoup\1.13.1\jsoup-1.13.1.jar;C:\Users\EdwinFerreira\.m2\repository\com\thoughtworks\xstream\xstream\1.4.13\xstream-1.4.13.jar;C:\Users\EdwinFerreira\.m2\repository\xmlpull\xmlpull\1.1.3.1\xmlpull-1.1.3.1.jar;C:\Users\EdwinFerreira\.m2\repository\xpp3\xpp3_min\1.1.4c\xpp3_min-1.1.4c.jar;C:\Users\EdwinFerreira\.m2\repository\io\cucumber\cucumber-core\6.10.2\cucumber-core-6.10.2.jar;C:\Users\EdwinFerreira\.m2\repository\io\cucumber\cucumber-gherkin\6.10.2\cucumber-gherkin-6.10.2.jar;C:\Users\EdwinFerreira\.m2\repository\io\cucumber\cucumber-gherkin-messages\6.10.2\cucumber-gherkin-messages-6.10.2.jar;C:\Users\EdwinFerreira\.m2\repository\io\cucumber\messages\14.0.1\messages-14.0.1.jar;C:\Users\EdwinFerreira\.m2\repository\io\cucumber\tag-expressions\3.0.0\tag-expressions-3.0.0.jar;C:\Users\EdwinFerreira\.m2\repository\io\cucumber\cucumber-expressions\10.3.0\cucumber-expressions-10.3.0.jar;C:\Users\EdwinFerreira\.m2\repository\io\cucumber\cucumber-plugin\6.10.2\cucumber-plugin-6.10.2.jar;C:\Users\EdwinFerreira\.m2\repository\io\cucumber\docstring\6.10.2\docstring-6.10.2.jar;C:\Users\EdwinFerreira\.m2\repository\io\cucumber\html-formatter\12.0.0\html-formatter-12.0.0.jar;C:\Users\EdwinFerreira\.m2\repository\io\cucumber\create-meta\3.0.0\create-meta-3.0.0.jar;C:\Users\EdwinFerreira\.m2\repository\com\typesafe\config\1.3.1\config-1.3.1.jar;C:\Users\EdwinFerreira\.m2\repository\org\imgscalr\imgscalr-lib\4.2\imgscalr-lib-4.2.jar;C:\Users\EdwinFerreira\.m2\repository\org\awaitility\awaitility\4.0.3\awaitility-4.0.3.jar;C:\Users\EdwinFerreira\.m2\repository\org\freemarker\freemarker\2.3.29\freemarker-2.3.29.jar;C:\Users\EdwinFerreira\.m2\repository\net\sourceforge\jexcelapi\jxl\2.6.12\jxl-2.6.12.jar;C:\Users\EdwinFerreira\.m2\repository\org\asciidoctor\asciidoctorj\1.5.6\asciidoctorj-1.5.6.jar;C:\Users\EdwinFerreira\.m2\repository\org\jruby\jruby-complete\1.7.26\jruby-complete-1.7.26.jar;C:\Users\EdwinFerreira\.m2\repository\net\bytebuddy\byte-buddy\1.10.10\byte-buddy-1.10.10.jar;C:\Users\EdwinFerreira\.m2\repository\net\bytebuddy\byte-buddy-agent\1.10.10\byte-buddy-agent-1.10.10.jar;C:\Users\EdwinFerreira\.m2\repository\org\objenesis\objenesis\3.1\objenesis-3.1.jar;C:\Users\EdwinFerreira\.m2\repository\net\serenity-bdd\serenity-reports\2.3.33\serenity-reports-2.3.33.jar;C:\Users\EdwinFerreira\.m2\repository\net\serenity-bdd\serenity-stats\2.3.33\serenity-stats-2.3.33.jar;C:\Users\EdwinFerreira\.m2\repository\net\serenity-bdd\serenity-reports-configuration\2.3.33\serenity-reports-configuration-2.3.33.jar;C:\Users\EdwinFerreira\.m2\repository\com\vladsch\flexmark\flexmark-all\0.34.30\flexmark-all-0.34.30.jar;C:\Users\EdwinFerreira\.m2\repository\com\vladsch\flexmark\flexmark\0.34.30\flexmark-0.34.30.jar;C:\Users\EdwinFerreira\.m2\repository\com\vladsch\flexmark\flexmark-ext-abbreviation\0.34.30\flexmark-ext-abbreviation-0.34.30.jar;C:\Users\EdwinFerreira\.m2\repository\com\vladsch\flexmark\flexmark-ext-admonition\0.34.30\flexmark-ext-admonition-0.34.30.jar;C:\Users\EdwinFerreira\.m2\repository\com\vladsch\flexmark\flexmark-ext-anchorlink\0.34.30\flexmark-ext-anchorlink-0.34.30.jar;C:\Users\EdwinFerreira\.m2\repository\com\vladsch\flexmark\flexmark-ext-aside\0.34.30\flexmark-ext-aside-0.34.30.jar;C:\Users\EdwinFerreira\.m2\repository\com\vladsch\flexmark\flexmark-ext-attributes\0.34.30\flexmark-ext-attributes-0.34.30.jar;C:\Users\EdwinFerreira\.m2\repository\com\vladsch\flexmark\flexmark-ext-autolink\0.34.30\flexmark-ext-autolink-0.34.30.jar;C:\Users\EdwinFerreira\.m2\repository\org\nibor\autolink\autolink\0.6.0\autolink-0.6.0.jar;C:\Users\EdwinFerreira\.m2\repository\com\vladsch\flexmark\flexmark-ext-definition\0.34.30\flexmark-ext-definition-0.34.30.jar;C:\Users\EdwinFerreira\.m2\repository\com\vladsch\flexmark\flexmark-ext-emoji\0.34.30\flexmark-ext-emoji-0.34.30.jar;C:\Users\EdwinFerreira\.m2\repository\com\vladsch\flexmark\flexmark-ext-enumerated-reference\0.34.30\flexmark-ext-enumerated-reference-0.34.30.jar;C:\Users\EdwinFerreira\.m2\repository\com\vladsch\flexmark\flexmark-ext-escaped-character\0.34.30\flexmark-ext-escaped-character-0.34.30.jar;C:\Users\EdwinFerreira\.m2\repository\com\vladsch\flexmark\flexmark-ext-footnotes\0.34.30\flexmark-ext-footnotes-0.34.30.jar;C:\Users\EdwinFerreira\.m2\repository\com\vladsch\flexmark\flexmark-ext-gfm-issues\0.34.30\flexmark-ext-gfm-issues-0.34.30.jar;C:\Users\EdwinFerreira\.m2\repository\com\vladsch\flexmark\flexmark-ext-gfm-strikethrough\0.34.30\flexmark-ext-gfm-strikethrough-0.34.30.jar;C:\Users\EdwinFerreira\.m2\repository\com\vladsch\flexmark\flexmark-ext-gfm-tables\0.34.30\flexmark-ext-gfm-tables-0.34.30.jar;C:\Users\EdwinFerreira\.m2\repository\com\vladsch\flexmark\flexmark-ext-gfm-tasklist\0.34.30\flexmark-ext-gfm-tasklist-0.34.30.jar;C:\Users\EdwinFerreira\.m2\repository\com\vladsch\flexmark\flexmark-ext-gfm-users\0.34.30\flexmark-ext-gfm-users-0.34.30.jar;C:\Users\EdwinFerreira\.m2\repository\com\vladsch\flexmark\flexmark-ext-gitlab\0.34.30\flexmark-ext-gitlab-0.34.30.jar;C:\Users\EdwinFerreira\.m2\repository\com\vladsch\flexmark\flexmark-ext-jekyll-front-matter\0.34.30\flexmark-ext-jekyll-front-matter-0.34.30.jar;C:\Users\EdwinFerreira\.m2\repository\com\vladsch\flexmark\flexmark-ext-jekyll-tag\0.34.30\flexmark-ext-jekyll-tag-0.34.30.jar;C:\Users\EdwinFerreira\.m2\repository\com\vladsch\flexmark\flexmark-ext-media-tags\0.34.30\flexmark-ext-media-tags-0.34.30.jar;C:\Users\EdwinFerreira\.m2\repository\com\vladsch\flexmark\flexmark-test-util\0.34.30\flexmark-test-util-0.34.30.jar;C:\Users\EdwinFerreira\.m2\repository\com\vladsch\flexmark\flexmark-ext-ins\0.34.30\flexmark-ext-ins-0.34.30.jar;C:\Users\EdwinFerreira\.m2\repository\com\vladsch\flexmark\flexmark-ext-xwiki-macros\0.34.30\flexmark-ext-xwiki-macros-0.34.30.jar;C:\Users\EdwinFerreira\.m2\repository\com\vladsch\flexmark\flexmark-ext-superscript\0.34.30\flexmark-ext-superscript-0.34.30.jar;C:\Users\EdwinFerreira\.m2\repository\com\vladsch\flexmark\flexmark-ext-tables\0.34.30\flexmark-ext-tables-0.34.30.jar;C:\Users\EdwinFerreira\.m2\repository\com\vladsch\flexmark\flexmark-ext-toc\0.34.30\flexmark-ext-toc-0.34.30.jar;C:\Users\EdwinFerreira\.m2\repository\com\vladsch\flexmark\flexmark-ext-typographic\0.34.30\flexmark-ext-typographic-0.34.30.jar;C:\Users\EdwinFerreira\.m2\repository\com\vladsch\flexmark\flexmark-ext-wikilink\0.34.30\flexmark-ext-wikilink-0.34.30.jar;C:\Users\EdwinFerreira\.m2\repository\com\vladsch\flexmark\flexmark-ext-yaml-front-matter\0.34.30\flexmark-ext-yaml-front-matter-0.34.30.jar;C:\Users\EdwinFerreira\.m2\repository\com\vladsch\flexmark\flexmark-ext-youtube-embedded\0.34.30\flexmark-ext-youtube-embedded-0.34.30.jar;C:\Users\EdwinFerreira\.m2\repository\com\vladsch\flexmark\flexmark-formatter\0.34.30\flexmark-formatter-0.34.30.jar;C:\Users\EdwinFerreira\.m2\repository\com\vladsch\flexmark\flexmark-html-parser\0.34.30\flexmark-html-parser-0.34.30.jar;C:\Users\EdwinFerreira\.m2\repository\com\vladsch\flexmark\flexmark-jira-converter\0.34.30\flexmark-jira-converter-0.34.30.jar;C:\Users\EdwinFerreira\.m2\repository\com\vladsch\flexmark\flexmark-pdf-converter\0.34.30\flexmark-pdf-converter-0.34.30.jar;C:\Users\EdwinFerreira\.m2\repository\com\openhtmltopdf\openhtmltopdf-core\0.0.1-RC13\openhtmltopdf-core-0.0.1-RC13.jar;C:\Users\EdwinFerreira\.m2\repository\com\openhtmltopdf\openhtmltopdf-pdfbox\0.0.1-RC13\openhtmltopdf-pdfbox-0.0.1-RC13.jar;C:\Users\EdwinFerreira\.m2\repository\org\apache\pdfbox\pdfbox\2.0.8\pdfbox-2.0.8.jar;C:\Users\EdwinFerreira\.m2\repository\org\apache\pdfbox\fontbox\2.0.8\fontbox-2.0.8.jar;C:\Users\EdwinFerreira\.m2\repository\org\apache\pdfbox\xmpbox\2.0.8\xmpbox-2.0.8.jar;C:\Users\EdwinFerreira\.m2\repository\de\rototor\pdfbox\graphics2d\0.12\graphics2d-0.12.jar;C:\Users\EdwinFerreira\.m2\repository\com\openhtmltopdf\openhtmltopdf-rtl-support\0.0.1-RC13\openhtmltopdf-rtl-support-0.0.1-RC13.jar;C:\Users\EdwinFerreira\.m2\repository\com\ibm\icu\icu4j\59.1\icu4j-59.1.jar;C:\Users\EdwinFerreira\.m2\repository\com\openhtmltopdf\openhtmltopdf-jsoup-dom-converter\0.0.1-RC13\openhtmltopdf-jsoup-dom-converter-0.0.1-RC13.jar;C:\Users\EdwinFerreira\.m2\repository\com\vladsch\flexmark\flexmark-profile-pegdown\0.34.30\flexmark-profile-pegdown-0.34.30.jar;C:\Users\EdwinFerreira\.m2\repository\com\vladsch\flexmark\flexmark-util\0.34.30\flexmark-util-0.34.30.jar;C:\Users\EdwinFerreira\.m2\repository\com\vladsch\flexmark\flexmark-youtrack-converter\0.34.30\flexmark-youtrack-converter-0.34.30.jar;C:\Users\EdwinFerreira\.m2\repository\es\nitaur\markdown\txtmark\0.16\txtmark-0.16.jar;C:\Users\EdwinFerreira\.m2\repository\net\serenity-bdd\serenity-report-resources\2.3.33\serenity-report-resources-2.3.33.jar;C:\Users\EdwinFerreira\.m2\repository\com\google\code\gson\gson\2.8.6\gson-2.8.6.jar;C:\Users\EdwinFerreira\.m2\repository\commons-codec\commons-codec\1.15\commons-codec-1.15.jar;C:\Users\EdwinFerreira\.m2\repository\commons-io\commons-io\2.6\commons-io-2.6.jar;C:\Users\EdwinFerreira\.m2\repository\org\seleniumhq\selenium\selenium-server\3.141.59\selenium-server-3.141.59.jar;C:\Users\EdwinFerreira\.m2\repository\org\seleniumhq\selenium\selenium-opera-driver\3.141.59\selenium-opera-driver-3.141.59.jar;C:\Users\EdwinFerreira\.m2\repository\org\seleniumhq\selenium\selenium-remote-driver\3.141.59\selenium-remote-driver-3.141.59.jar;C:\Users\EdwinFerreira\.m2\repository\org\seleniumhq\selenium\selenium-safari-driver\3.141.59\selenium-safari-driver-3.141.59.jar;C:\Users\EdwinFerreira\.m2\repository\com\beust\jcommander\1.72\jcommander-1.72.jar;C:\Users\EdwinFerreira\.m2\repository\org\apache\commons\commons-exec\1.3\commons-exec-1.3.jar;C:\Users\EdwinFerreira\.m2\repository\net\jcip\jcip-annotations\1.0\jcip-annotations-1.0.jar;C:\Users\EdwinFerreira\.m2\repository\org\seleniumhq\selenium\jetty-repacked\9.4.12.v20180830\jetty-repacked-9.4.12.v20180830.jar;C:\Users\EdwinFerreira\.m2\repository\com\squareup\okhttp3\okhttp\3.11.0\okhttp-3.11.0.jar;C:\Users\EdwinFerreira\.m2\repository\com\squareup\okio\okio\1.14.0\okio-1.14.0.jar;C:\Users\EdwinFerreira\.m2\repository\javax\servlet\javax.servlet-api\3.1.0\javax.servlet-api-3.1.0.jar;C:\Users\EdwinFerreira\.m2\repository\org\yaml\snakeyaml\1.19\snakeyaml-1.19.jar;C:\Users\EdwinFerreira\.m2\repository\org\seleniumhq\selenium\selenium-java\3.141.59\selenium-java-3.141.59.jar;C:\Users\EdwinFerreira\.m2\repository\org\seleniumhq\selenium\selenium-api\3.141.59\selenium-api-3.141.59.jar;C:\Users\EdwinFerreira\.m2\repository\org\seleniumhq\selenium\selenium-support\3.141.59\selenium-support-3.141.59.jar;C:\Users\EdwinFerreira\.m2\repository\org\seleniumhq\selenium\selenium-chrome-driver\3.141.59\selenium-chrome-driver-3.141.59.jar;C:\Users\EdwinFerreira\.m2\repository\org\seleniumhq\selenium\selenium-firefox-driver\3.141.59\selenium-firefox-driver-3.141.59.jar;C:\Users\EdwinFerreira\.m2\repository\org\seleniumhq\selenium\selenium-edge-driver\3.141.59\selenium-edge-driver-3.141.59.jar;C:\Users\EdwinFerreira\.m2\repository\org\seleniumhq\selenium\selenium-ie-driver\3.141.59\selenium-ie-driver-3.141.59.jar;C:\Users\EdwinFerreira\.m2\repository\net\sourceforge\htmlunit\htmlunit\2.47.1\htmlunit-2.47.1.jar;C:\Users\EdwinFerreira\.m2\repository\xalan\xalan\2.7.2\xalan-2.7.2.jar;C:\Users\EdwinFerreira\.m2\repository\xalan\serializer\2.7.2\serializer-2.7.2.jar;C:\Users\EdwinFerreira\.m2\repository\org\apache\httpcomponents\httpmime\4.5.13\httpmime-4.5.13.jar;C:\Users\EdwinFerreira\.m2\repository\org\apache\httpcomponents\httpclient\4.5.13\httpclient-4.5.13.jar;C:\Users\EdwinFerreira\.m2\repository\org\apache\httpcomponents\httpcore\4.4.13\httpcore-4.4.13.jar;C:\Users\EdwinFerreira\.m2\repository\net\sourceforge\htmlunit\htmlunit-core-js\2.47.0\htmlunit-core-js-2.47.0.jar;C:\Users\EdwinFerreira\.m2\repository\net\sourceforge\htmlunit\neko-htmlunit\2.47.1\neko-htmlunit-2.47.1.jar;C:\Users\EdwinFerreira\.m2\repository\xerces\xercesImpl\2.12.0\xercesImpl-2.12.0.jar;C:\Users\EdwinFerreira\.m2\repository\xml-apis\xml-apis\1.4.01\xml-apis-1.4.01.jar;C:\Users\EdwinFerreira\.m2\repository\net\sourceforge\htmlunit\htmlunit-cssparser\1.7.0\htmlunit-cssparser-1.7.0.jar;C:\Users\EdwinFerreira\.m2\repository\org\brotli\dec\0.1.2\dec-0.1.2.jar;C:\Users\EdwinFerreira\.m2\repository\com\shapesecurity\salvation2\3.0.0\salvation2-3.0.0.jar;C:\Users\EdwinFerreira\.m2\repository\org\eclipse\jetty\websocket\websocket-client\9.4.36.v20210114\websocket-client-9.4.36.v20210114.jar;C:\Users\EdwinFerreira\.m2\repository\org\eclipse\jetty\jetty-client\9.4.36.v20210114\jetty-client-9.4.36.v20210114.jar;C:\Users\EdwinFerreira\.m2\repository\org\eclipse\jetty\jetty-http\9.4.36.v20210114\jetty-http-9.4.36.v20210114.jar;C:\Users\EdwinFerreira\.m2\repository\org\eclipse\jetty\jetty-util\9.4.36.v20210114\jetty-util-9.4.36.v20210114.jar;C:\Users\EdwinFerreira\.m2\repository\org\eclipse\jetty\jetty-io\9.4.36.v20210114\jetty-io-9.4.36.v20210114.jar;C:\Users\EdwinFerreira\.m2\repository\org\eclipse\jetty\websocket\websocket-common\9.4.36.v20210114\websocket-common-9.4.36.v20210114.jar;C:\Users\EdwinFerreira\.m2\repository\org\eclipse\jetty\websocket\websocket-api\9.4.36.v20210114\websocket-api-9.4.36.v20210114.jar;C:\Users\EdwinFerreira\.m2\repository\org\seleniumhq\selenium\htmlunit-driver\2.47.1\htmlunit-driver-2.47.1.jar;C:\Users\EdwinFerreira\.m2\repository\com\codeborne\phantomjsdriver\1.4.4\phantomjsdriver-1.4.4.jar;C:\Users\EdwinFerreira\.m2\repository\io\appium\java-client\7.3.0\java-client-7.3.0.jar;C:\Users\EdwinFerreira\.m2\repository\commons-validator\commons-validator\1.6\commons-validator-1.6.jar;C:\Users\EdwinFerreira\.m2\repository\commons-digester\commons-digester\1.8.1\commons-digester-1.8.1.jar;C:\Users\EdwinFerreira\.m2\repository\org\aspectj\aspectjweaver\1.9.4\aspectjweaver-1.9.4.jar;C:\Users\EdwinFerreira\.m2\repository\org\codehaus\groovy\groovy\3.0.7\groovy-3.0.7.jar;C:\Users\EdwinFerreira\.m2\repository\net\sf\opencsv\opencsv\2.0\opencsv-2.0.jar;C:\Users\EdwinFerreira\.m2\repository\commons-beanutils\commons-beanutils\1.9.4\commons-beanutils-1.9.4.jar;C:\Users\EdwinFerreira\.m2\repository\org\apache\commons\commons-lang3\3.11\commons-lang3-3.11.jar;C:\Users\EdwinFerreira\.m2\repository\commons-collections\commons-collections\3.2.2\commons-collections-3.2.2.jar;C:\Users\EdwinFerreira\.m2\repository\org\fluentlenium\fluentlenium-core\0.10.2\fluentlenium-core-0.10.2.jar;C:\Users\EdwinFerreira\.m2\repository\io\github\bonigarcia\webdrivermanager\4.3.1\webdrivermanager-4.3.1.jar;C:\Users\EdwinFerreira\.m2\repository\org\apache\httpcomponents\client5\httpclient5\5.0.3\httpclient5-5.0.3.jar;C:\Users\EdwinFerreira\.m2\repository\org\apache\httpcomponents\core5\httpcore5\5.0.2\httpcore5-5.0.2.jar;C:\Users\EdwinFerreira\.m2\repository\org\apache\httpcomponents\core5\httpcore5-h2\5.0.2\httpcore5-h2-5.0.2.jar;C:\Users\EdwinFerreira\.m2\repository\org\rauschig\jarchivelib\1.1.0\jarchivelib-1.1.0.jar;C:\Users\EdwinFerreira\.m2\repository\org\apache\commons\commons-compress\1.20\commons-compress-1.20.jar;C:\Users\EdwinFerreira\.m2\repository\com\jhlabs\filters\2.0.235\filters-2.0.235.jar;C:\Users\EdwinFerreira\.m2\repository\com\assertthat\selenium-shutterbug\0.9.3\selenium-shutterbug-0.9.3.jar;C:\Users\EdwinFerreira\.m2\repository\org\projectlombok\lombok\1.18.8\lombok-1.18.8.jar;C:\Users\EdwinFerreira\.m2\repository\com\github\zafarkhaja\java-semver\0.9.0\java-semver-0.9.0.jar;C:\Users\EdwinFerreira\.m2\repository\com\paulhammant\ngwebdriver\1.1.5\ngwebdriver-1.1.5.jar;C:\Users\EdwinFerreira\.m2\repository\joda-time\joda-time\2.8.2\joda-time-2.8.2.jar;C:\Users\EdwinFerreira\.m2\repository\org\hamcrest\hamcrest\2.2\hamcrest-2.2.jar;C:\Users\EdwinFerreira\.m2\repository\com\google\jimfs\jimfs\1.1\jimfs-1.1.jar;C:\Users\EdwinFerreira\.m2\repository\org\mockito\mockito-core\3.3.3\mockito-core-3.3.3.jar;C:\Users\EdwinFerreira\.m2\repository\javax\xml\bind\jaxb-api\2.3.1\jaxb-api-2.3.1.jar;C:\Users\EdwinFerreira\.m2\repository\javax\activation\javax.activation-api\1.2.0\javax.activation-api-1.2.0.jar;C:\Users\EdwinFerreira\.m2\repository\com\sun\xml\bind\jaxb-core\2.3.0.1\jaxb-core-2.3.0.1.jar;C:\Users\EdwinFerreira\.m2\repository\com\sun\xml\bind\jaxb-impl\2.3.3\jaxb-impl-2.3.3.jar;C:\Users\EdwinFerreira\.m2\repository\jakarta\xml\bind\jakarta.xml.bind-api\2.3.3\jakarta.xml.bind-api-2.3.3.jar;C:\Users\EdwinFerreira\.m2\repository\com\sun\activation\jakarta.activation\1.2.2\jakarta.activation-1.2.2.jar;C:\Users\EdwinFerreira\.m2\repository\javax\activation\activation\1.1.1\activation-1.1.1.jar;C:\Users\EdwinFerreira\.m2\repository\net\serenity-bdd\serenity-junit\2.3.33\serenity-junit-2.3.33.jar;C:\Users\EdwinFerreira\.m2\repository\net\serenity-bdd\serenity-screenplay\2.3.33\serenity-screenplay-2.3.33.jar;C:\Users\EdwinFerreira\.m2\repository\net\serenity-bdd\serenity-screenplay-webdriver\2.3.33\serenity-screenplay-webdriver-2.3.33.jar;C:\Users\EdwinFerreira\.m2\repository\net\serenity-bdd\serenity-ensure\2.3.33\serenity-ensure-2.3.33.jar;C:\Users\EdwinFerreira\.m2\repository\org\jetbrains\kotlin\kotlin-stdlib\1.4.10\kotlin-stdlib-1.4.10.jar;C:\Users\EdwinFerreira\.m2\repository\org\jetbrains\kotlin\kotlin-stdlib-common\1.4.10\kotlin-stdlib-common-1.4.10.jar;C:\Users\EdwinFerreira\.m2\repository\org\jetbrains\annotations\13.0\annotations-13.0.jar;C:\Users\EdwinFerreira\.m2\repository\net\serenity-bdd\serenity-cucumber6\2.3.33\serenity-cucumber6-2.3.33.jar;C:\Users\EdwinFerreira\.m2\repository\io\cucumber\cucumber-java\6.9.1\cucumber-java-6.9.1.jar;C:\Users\EdwinFerreira\.m2\repository\org\apiguardian\apiguardian-api\1.1.0\apiguardian-api-1.1.0.jar;C:\Users\EdwinFerreira\.m2\repository\io\cucumber\cucumber-junit\6.9.1\cucumber-junit-6.9.1.jar;C:\Users\EdwinFerreira\.m2\repository\io\cucumber\datatable-matchers\3.4.0\datatable-matchers-3.4.0.jar;C:\Users\EdwinFerreira\.m2\repository\io\cucumber\datatable\3.4.0\datatable-3.4.0.jar;C:\Users\EdwinFerreira\.m2\repository\commons-logging\commons-logging\1.2\commons-logging-1.2.jar;C:\Users\EdwinFerreira\.m2\repository\org\apache\commons\commons-csv\1.5\commons-csv-1.5.jar;C:\Users\EdwinFerreira\.m2\repository\junit\junit\4.13.1\junit-4.13.1.jar;C:\Users\EdwinFerreira\.m2\repository\org\hamcrest\hamcrest-core\1.3\hamcrest-core-1.3.jar;C:\Users\EdwinFerreira\.m2\repository\org\assertj\assertj-core\3.6.2\assertj-core-3.6.2.jar;C:\Users\EdwinFerreira\.m2\repository\org\hamcrest\hamcrest-all\1.3\hamcrest-all-1.3.jar;"/>
    <property name="java.vm.vendor" value="Amazon.com Inc."/>
    <property name="sun.arch.data.model" value="64"/>
    <property name="user.variant" value=""/>
    <property name="java.vendor.url" value="https://aws.amazon.com/corretto/"/>
    <property name="user.timezone" value="America/Bogota"/>
    <property name="java.vm.specification.version" value="11"/>
    <property name="os.name" value="Windows 10"/>
    <property name="sun.java.launcher" value="SUN_STANDARD"/>
    <property name="user.country" value="CO"/>
    <property name="sun.boot.library.path" value="C:\Users\EdwinFerreira\.jdks\corretto-11.0.10\bin"/>
    <property name="sun.java.command" value="org.apache.maven.surefire.booter.ForkedBooter C:\Users\EdwinFerreira\AppData\Local\Temp\surefire1150902542142500724 2021-04-07T17-14-29_143-jvmRun1 surefire2846536196679661399tmp surefire_02686596392078843415tmp"/>
    <property name="jdk.debug" value="release"/>
    <property name="surefire.test.class.path" value="C:\Users\EdwinFerreira\Documents\bitsamericas\TestTransportation\target\test-classes;C:\Users\EdwinFerreira\.m2\repository\ch\qos\logback\logback-classic\1.0.13\logback-classic-1.0.13.jar;C:\Users\EdwinFerreira\.m2\repository\ch\qos\logback\logback-core\1.0.13\logback-core-1.0.13.jar;C:\Users\EdwinFerreira\.m2\repository\org\slf4j\slf4j-api\1.7.5\slf4j-api-1.7.5.jar;C:\Users\EdwinFerreira\.m2\repository\net\serenity-bdd\serenity-core\2.3.33\serenity-core-2.3.33.jar;C:\Users\EdwinFerreira\.m2\repository\net\serenity-bdd\serenity-model\2.3.33\serenity-model-2.3.33.jar;C:\Users\EdwinFerreira\.m2\repository\org\apache\commons\commons-text\1.9\commons-text-1.9.jar;C:\Users\EdwinFerreira\.m2\repository\commons-net\commons-net\3.6\commons-net-3.6.jar;C:\Users\EdwinFerreira\.m2\repository\com\google\guava\guava\30.1-jre\guava-30.1-jre.jar;C:\Users\EdwinFerreira\.m2\repository\com\google\guava\failureaccess\1.0.1\failureaccess-1.0.1.jar;C:\Users\EdwinFerreira\.m2\repository\com\google\guava\listenablefuture\9999.0-empty-to-avoid-conflict-with-guava\listenablefuture-9999.0-empty-to-avoid-conflict-with-guava.jar;C:\Users\EdwinFerreira\.m2\repository\com\google\code\findbugs\jsr305\3.0.2\jsr305-3.0.2.jar;C:\Users\EdwinFerreira\.m2\repository\org\checkerframework\checker-qual\3.5.0\checker-qual-3.5.0.jar;C:\Users\EdwinFerreira\.m2\repository\com\google\errorprone\error_prone_annotations\2.3.4\error_prone_annotations-2.3.4.jar;C:\Users\EdwinFerreira\.m2\repository\com\google\j2objc\j2objc-annotations\1.3\j2objc-annotations-1.3.jar;C:\Users\EdwinFerreira\.m2\repository\com\google\inject\guice\5.0.1\guice-5.0.1.jar;C:\Users\EdwinFerreira\.m2\repository\javax\inject\javax.inject\1\javax.inject-1.jar;C:\Users\EdwinFerreira\.m2\repository\aopalliance\aopalliance\1.0\aopalliance-1.0.jar;C:\Users\EdwinFerreira\.m2\repository\org\jsoup\jsoup\1.13.1\jsoup-1.13.1.jar;C:\Users\EdwinFerreira\.m2\repository\com\thoughtworks\xstream\xstream\1.4.13\xstream-1.4.13.jar;C:\Users\EdwinFerreira\.m2\repository\xmlpull\xmlpull\1.1.3.1\xmlpull-1.1.3.1.jar;C:\Users\EdwinFerreira\.m2\repository\xpp3\xpp3_min\1.1.4c\xpp3_min-1.1.4c.jar;C:\Users\EdwinFerreira\.m2\repository\io\cucumber\cucumber-core\6.10.2\cucumber-core-6.10.2.jar;C:\Users\EdwinFerreira\.m2\repository\io\cucumber\cucumber-gherkin\6.10.2\cucumber-gherkin-6.10.2.jar;C:\Users\EdwinFerreira\.m2\repository\io\cucumber\cucumber-gherkin-messages\6.10.2\cucumber-gherkin-messages-6.10.2.jar;C:\Users\EdwinFerreira\.m2\repository\io\cucumber\messages\14.0.1\messages-14.0.1.jar;C:\Users\EdwinFerreira\.m2\repository\io\cucumber\tag-expressions\3.0.0\tag-expressions-3.0.0.jar;C:\Users\EdwinFerreira\.m2\repository\io\cucumber\cucumber-expressions\10.3.0\cucumber-expressions-10.3.0.jar;C:\Users\EdwinFerreira\.m2\repository\io\cucumber\cucumber-plugin\6.10.2\cucumber-plugin-6.10.2.jar;C:\Users\EdwinFerreira\.m2\repository\io\cucumber\docstring\6.10.2\docstring-6.10.2.jar;C:\Users\EdwinFerreira\.m2\repository\io\cucumber\html-formatter\12.0.0\html-formatter-12.0.0.jar;C:\Users\EdwinFerreira\.m2\repository\io\cucumber\create-meta\3.0.0\create-meta-3.0.0.jar;C:\Users\EdwinFerreira\.m2\repository\com\typesafe\config\1.3.1\config-1.3.1.jar;C:\Users\EdwinFerreira\.m2\repository\org\imgscalr\imgscalr-lib\4.2\imgscalr-lib-4.2.jar;C:\Users\EdwinFerreira\.m2\repository\org\awaitility\awaitility\4.0.3\awaitility-4.0.3.jar;C:\Users\EdwinFerreira\.m2\repository\org\freemarker\freemarker\2.3.29\freemarker-2.3.29.jar;C:\Users\EdwinFerreira\.m2\repository\net\sourceforge\jexcelapi\jxl\2.6.12\jxl-2.6.12.jar;C:\Users\EdwinFerreira\.m2\repository\org\asciidoctor\asciidoctorj\1.5.6\asciidoctorj-1.5.6.jar;C:\Users\EdwinFerreira\.m2\repository\org\jruby\jruby-complete\1.7.26\jruby-complete-1.7.26.jar;C:\Users\EdwinFerreira\.m2\repository\net\bytebuddy\byte-buddy\1.10.10\byte-buddy-1.10.10.jar;C:\Users\EdwinFerreira\.m2\repository\net\bytebuddy\byte-buddy-agent\1.10.10\byte-buddy-agent-1.10.10.jar;C:\Users\EdwinFerreira\.m2\repository\org\objenesis\objenesis\3.1\objenesis-3.1.jar;C:\Users\EdwinFerreira\.m2\repository\net\serenity-bdd\serenity-reports\2.3.33\serenity-reports-2.3.33.jar;C:\Users\EdwinFerreira\.m2\repository\net\serenity-bdd\serenity-stats\2.3.33\serenity-stats-2.3.33.jar;C:\Users\EdwinFerreira\.m2\repository\net\serenity-bdd\serenity-reports-configuration\2.3.33\serenity-reports-configuration-2.3.33.jar;C:\Users\EdwinFerreira\.m2\repository\com\vladsch\flexmark\flexmark-all\0.34.30\flexmark-all-0.34.30.jar;C:\Users\EdwinFerreira\.m2\repository\com\vladsch\flexmark\flexmark\0.34.30\flexmark-0.34.30.jar;C:\Users\EdwinFerreira\.m2\repository\com\vladsch\flexmark\flexmark-ext-abbreviation\0.34.30\flexmark-ext-abbreviation-0.34.30.jar;C:\Users\EdwinFerreira\.m2\repository\com\vladsch\flexmark\flexmark-ext-admonition\0.34.30\flexmark-ext-admonition-0.34.30.jar;C:\Users\EdwinFerreira\.m2\repository\com\vladsch\flexmark\flexmark-ext-anchorlink\0.34.30\flexmark-ext-anchorlink-0.34.30.jar;C:\Users\EdwinFerreira\.m2\repository\com\vladsch\flexmark\flexmark-ext-aside\0.34.30\flexmark-ext-aside-0.34.30.jar;C:\Users\EdwinFerreira\.m2\repository\com\vladsch\flexmark\flexmark-ext-attributes\0.34.30\flexmark-ext-attributes-0.34.30.jar;C:\Users\EdwinFerreira\.m2\repository\com\vladsch\flexmark\flexmark-ext-autolink\0.34.30\flexmark-ext-autolink-0.34.30.jar;C:\Users\EdwinFerreira\.m2\repository\org\nibor\autolink\autolink\0.6.0\autolink-0.6.0.jar;C:\Users\EdwinFerreira\.m2\repository\com\vladsch\flexmark\flexmark-ext-definition\0.34.30\flexmark-ext-definition-0.34.30.jar;C:\Users\EdwinFerreira\.m2\repository\com\vladsch\flexmark\flexmark-ext-emoji\0.34.30\flexmark-ext-emoji-0.34.30.jar;C:\Users\EdwinFerreira\.m2\repository\com\vladsch\flexmark\flexmark-ext-enumerated-reference\0.34.30\flexmark-ext-enumerated-reference-0.34.30.jar;C:\Users\EdwinFerreira\.m2\repository\com\vladsch\flexmark\flexmark-ext-escaped-character\0.34.30\flexmark-ext-escaped-character-0.34.30.jar;C:\Users\EdwinFerreira\.m2\repository\com\vladsch\flexmark\flexmark-ext-footnotes\0.34.30\flexmark-ext-footnotes-0.34.30.jar;C:\Users\EdwinFerreira\.m2\repository\com\vladsch\flexmark\flexmark-ext-gfm-issues\0.34.30\flexmark-ext-gfm-issues-0.34.30.jar;C:\Users\EdwinFerreira\.m2\repository\com\vladsch\flexmark\flexmark-ext-gfm-strikethrough\0.34.30\flexmark-ext-gfm-strikethrough-0.34.30.jar;C:\Users\EdwinFerreira\.m2\repository\com\vladsch\flexmark\flexmark-ext-gfm-tables\0.34.30\flexmark-ext-gfm-tables-0.34.30.jar;C:\Users\EdwinFerreira\.m2\repository\com\vladsch\flexmark\flexmark-ext-gfm-tasklist\0.34.30\flexmark-ext-gfm-tasklist-0.34.30.jar;C:\Users\EdwinFerreira\.m2\repository\com\vladsch\flexmark\flexmark-ext-gfm-users\0.34.30\flexmark-ext-gfm-users-0.34.30.jar;C:\Users\EdwinFerreira\.m2\repository\com\vladsch\flexmark\flexmark-ext-gitlab\0.34.30\flexmark-ext-gitlab-0.34.30.jar;C:\Users\EdwinFerreira\.m2\repository\com\vladsch\flexmark\flexmark-ext-jekyll-front-matter\0.34.30\flexmark-ext-jekyll-front-matter-0.34.30.jar;C:\Users\EdwinFerreira\.m2\repository\com\vladsch\flexmark\flexmark-ext-jekyll-tag\0.34.30\flexmark-ext-jekyll-tag-0.34.30.jar;C:\Users\EdwinFerreira\.m2\repository\com\vladsch\flexmark\flexmark-ext-media-tags\0.34.30\flexmark-ext-media-tags-0.34.30.jar;C:\Users\EdwinFerreira\.m2\repository\com\vladsch\flexmark\flexmark-test-util\0.34.30\flexmark-test-util-0.34.30.jar;C:\Users\EdwinFerreira\.m2\repository\com\vladsch\flexmark\flexmark-ext-ins\0.34.30\flexmark-ext-ins-0.34.30.jar;C:\Users\EdwinFerreira\.m2\repository\com\vladsch\flexmark\flexmark-ext-xwiki-macros\0.34.30\flexmark-ext-xwiki-macros-0.34.30.jar;C:\Users\EdwinFerreira\.m2\repository\com\vladsch\flexmark\flexmark-ext-superscript\0.34.30\flexmark-ext-superscript-0.34.30.jar;C:\Users\EdwinFerreira\.m2\repository\com\vladsch\flexmark\flexmark-ext-tables\0.34.30\flexmark-ext-tables-0.34.30.jar;C:\Users\EdwinFerreira\.m2\repository\com\vladsch\flexmark\flexmark-ext-toc\0.34.30\flexmark-ext-toc-0.34.30.jar;C:\Users\EdwinFerreira\.m2\repository\com\vladsch\flexmark\flexmark-ext-typographic\0.34.30\flexmark-ext-typographic-0.34.30.jar;C:\Users\EdwinFerreira\.m2\repository\com\vladsch\flexmark\flexmark-ext-wikilink\0.34.30\flexmark-ext-wikilink-0.34.30.jar;C:\Users\EdwinFerreira\.m2\repository\com\vladsch\flexmark\flexmark-ext-yaml-front-matter\0.34.30\flexmark-ext-yaml-front-matter-0.34.30.jar;C:\Users\EdwinFerreira\.m2\repository\com\vladsch\flexmark\flexmark-ext-youtube-embedded\0.34.30\flexmark-ext-youtube-embedded-0.34.30.jar;C:\Users\EdwinFerreira\.m2\repository\com\vladsch\flexmark\flexmark-formatter\0.34.30\flexmark-formatter-0.34.30.jar;C:\Users\EdwinFerreira\.m2\repository\com\vladsch\flexmark\flexmark-html-parser\0.34.30\flexmark-html-parser-0.34.30.jar;C:\Users\EdwinFerreira\.m2\repository\com\vladsch\flexmark\flexmark-jira-converter\0.34.30\flexmark-jira-converter-0.34.30.jar;C:\Users\EdwinFerreira\.m2\repository\com\vladsch\flexmark\flexmark-pdf-converter\0.34.30\flexmark-pdf-converter-0.34.30.jar;C:\Users\EdwinFerreira\.m2\repository\com\openhtmltopdf\openhtmltopdf-core\0.0.1-RC13\openhtmltopdf-core-0.0.1-RC13.jar;C:\Users\EdwinFerreira\.m2\repository\com\openhtmltopdf\openhtmltopdf-pdfbox\0.0.1-RC13\openhtmltopdf-pdfbox-0.0.1-RC13.jar;C:\Users\EdwinFerreira\.m2\repository\org\apache\pdfbox\pdfbox\2.0.8\pdfbox-2.0.8.jar;C:\Users\EdwinFerreira\.m2\repository\org\apache\pdfbox\fontbox\2.0.8\fontbox-2.0.8.jar;C:\Users\EdwinFerreira\.m2\repository\org\apache\pdfbox\xmpbox\2.0.8\xmpbox-2.0.8.jar;C:\Users\EdwinFerreira\.m2\repository\de\rototor\pdfbox\graphics2d\0.12\graphics2d-0.12.jar;C:\Users\EdwinFerreira\.m2\repository\com\openhtmltopdf\openhtmltopdf-rtl-support\0.0.1-RC13\openhtmltopdf-rtl-support-0.0.1-RC13.jar;C:\Users\EdwinFerreira\.m2\repository\com\ibm\icu\icu4j\59.1\icu4j-59.1.jar;C:\Users\EdwinFerreira\.m2\repository\com\openhtmltopdf\openhtmltopdf-jsoup-dom-converter\0.0.1-RC13\openhtmltopdf-jsoup-dom-converter-0.0.1-RC13.jar;C:\Users\EdwinFerreira\.m2\repository\com\vladsch\flexmark\flexmark-profile-pegdown\0.34.30\flexmark-profile-pegdown-0.34.30.jar;C:\Users\EdwinFerreira\.m2\repository\com\vladsch\flexmark\flexmark-util\0.34.30\flexmark-util-0.34.30.jar;C:\Users\EdwinFerreira\.m2\repository\com\vladsch\flexmark\flexmark-youtrack-converter\0.34.30\flexmark-youtrack-converter-0.34.30.jar;C:\Users\EdwinFerreira\.m2\repository\es\nitaur\markdown\txtmark\0.16\txtmark-0.16.jar;C:\Users\EdwinFerreira\.m2\repository\net\serenity-bdd\serenity-report-resources\2.3.33\serenity-report-resources-2.3.33.jar;C:\Users\EdwinFerreira\.m2\repository\com\google\code\gson\gson\2.8.6\gson-2.8.6.jar;C:\Users\EdwinFerreira\.m2\repository\commons-codec\commons-codec\1.15\commons-codec-1.15.jar;C:\Users\EdwinFerreira\.m2\repository\commons-io\commons-io\2.6\commons-io-2.6.jar;C:\Users\EdwinFerreira\.m2\repository\org\seleniumhq\selenium\selenium-server\3.141.59\selenium-server-3.141.59.jar;C:\Users\EdwinFerreira\.m2\repository\org\seleniumhq\selenium\selenium-opera-driver\3.141.59\selenium-opera-driver-3.141.59.jar;C:\Users\EdwinFerreira\.m2\repository\org\seleniumhq\selenium\selenium-remote-driver\3.141.59\selenium-remote-driver-3.141.59.jar;C:\Users\EdwinFerreira\.m2\repository\org\seleniumhq\selenium\selenium-safari-driver\3.141.59\selenium-safari-driver-3.141.59.jar;C:\Users\EdwinFerreira\.m2\repository\com\beust\jcommander\1.72\jcommander-1.72.jar;C:\Users\EdwinFerreira\.m2\repository\org\apache\commons\commons-exec\1.3\commons-exec-1.3.jar;C:\Users\EdwinFerreira\.m2\repository\net\jcip\jcip-annotations\1.0\jcip-annotations-1.0.jar;C:\Users\EdwinFerreira\.m2\repository\org\seleniumhq\selenium\jetty-repacked\9.4.12.v20180830\jetty-repacked-9.4.12.v20180830.jar;C:\Users\EdwinFerreira\.m2\repository\com\squareup\okhttp3\okhttp\3.11.0\okhttp-3.11.0.jar;C:\Users\EdwinFerreira\.m2\repository\com\squareup\okio\okio\1.14.0\okio-1.14.0.jar;C:\Users\EdwinFerreira\.m2\repository\javax\servlet\javax.servlet-api\3.1.0\javax.servlet-api-3.1.0.jar;C:\Users\EdwinFerreira\.m2\repository\org\yaml\snakeyaml\1.19\snakeyaml-1.19.jar;C:\Users\EdwinFerreira\.m2\repository\org\seleniumhq\selenium\selenium-java\3.141.59\selenium-java-3.141.59.jar;C:\Users\EdwinFerreira\.m2\repository\org\seleniumhq\selenium\selenium-api\3.141.59\selenium-api-3.141.59.jar;C:\Users\EdwinFerreira\.m2\repository\org\seleniumhq\selenium\selenium-support\3.141.59\selenium-support-3.141.59.jar;C:\Users\EdwinFerreira\.m2\repository\org\seleniumhq\selenium\selenium-chrome-driver\3.141.59\selenium-chrome-driver-3.141.59.jar;C:\Users\EdwinFerreira\.m2\repository\org\seleniumhq\selenium\selenium-firefox-driver\3.141.59\selenium-firefox-driver-3.141.59.jar;C:\Users\EdwinFerreira\.m2\repository\org\seleniumhq\selenium\selenium-edge-driver\3.141.59\selenium-edge-driver-3.141.59.jar;C:\Users\EdwinFerreira\.m2\repository\org\seleniumhq\selenium\selenium-ie-driver\3.141.59\selenium-ie-driver-3.141.59.jar;C:\Users\EdwinFerreira\.m2\repository\net\sourceforge\htmlunit\htmlunit\2.47.1\htmlunit-2.47.1.jar;C:\Users\EdwinFerreira\.m2\repository\xalan\xalan\2.7.2\xalan-2.7.2.jar;C:\Users\EdwinFerreira\.m2\repository\xalan\serializer\2.7.2\serializer-2.7.2.jar;C:\Users\EdwinFerreira\.m2\repository\org\apache\httpcomponents\httpmime\4.5.13\httpmime-4.5.13.jar;C:\Users\EdwinFerreira\.m2\repository\org\apache\httpcomponents\httpclient\4.5.13\httpclient-4.5.13.jar;C:\Users\EdwinFerreira\.m2\repository\org\apache\httpcomponents\httpcore\4.4.13\httpcore-4.4.13.jar;C:\Users\EdwinFerreira\.m2\repository\net\sourceforge\htmlunit\htmlunit-core-js\2.47.0\htmlunit-core-js-2.47.0.jar;C:\Users\EdwinFerreira\.m2\repository\net\sourceforge\htmlunit\neko-htmlunit\2.47.1\neko-htmlunit-2.47.1.jar;C:\Users\EdwinFerreira\.m2\repository\xerces\xercesImpl\2.12.0\xercesImpl-2.12.0.jar;C:\Users\EdwinFerreira\.m2\repository\xml-apis\xml-apis\1.4.01\xml-apis-1.4.01.jar;C:\Users\EdwinFerreira\.m2\repository\net\sourceforge\htmlunit\htmlunit-cssparser\1.7.0\htmlunit-cssparser-1.7.0.jar;C:\Users\EdwinFerreira\.m2\repository\org\brotli\dec\0.1.2\dec-0.1.2.jar;C:\Users\EdwinFerreira\.m2\repository\com\shapesecurity\salvation2\3.0.0\salvation2-3.0.0.jar;C:\Users\EdwinFerreira\.m2\repository\org\eclipse\jetty\websocket\websocket-client\9.4.36.v20210114\websocket-client-9.4.36.v20210114.jar;C:\Users\EdwinFerreira\.m2\repository\org\eclipse\jetty\jetty-client\9.4.36.v20210114\jetty-client-9.4.36.v20210114.jar;C:\Users\EdwinFerreira\.m2\repository\org\eclipse\jetty\jetty-http\9.4.36.v20210114\jetty-http-9.4.36.v20210114.jar;C:\Users\EdwinFerreira\.m2\repository\org\eclipse\jetty\jetty-util\9.4.36.v20210114\jetty-util-9.4.36.v20210114.jar;C:\Users\EdwinFerreira\.m2\repository\org\eclipse\jetty\jetty-io\9.4.36.v20210114\jetty-io-9.4.36.v20210114.jar;C:\Users\EdwinFerreira\.m2\repository\org\eclipse\jetty\websocket\websocket-common\9.4.36.v20210114\websocket-common-9.4.36.v20210114.jar;C:\Users\EdwinFerreira\.m2\repository\org\eclipse\jetty\websocket\websocket-api\9.4.36.v20210114\websocket-api-9.4.36.v20210114.jar;C:\Users\EdwinFerreira\.m2\repository\org\seleniumhq\selenium\htmlunit-driver\2.47.1\htmlunit-driver-2.47.1.jar;C:\Users\EdwinFerreira\.m2\repository\com\codeborne\phantomjsdriver\1.4.4\phantomjsdriver-1.4.4.jar;C:\Users\EdwinFerreira\.m2\repository\io\appium\java-client\7.3.0\java-client-7.3.0.jar;C:\Users\EdwinFerreira\.m2\repository\commons-validator\commons-validator\1.6\commons-validator-1.6.jar;C:\Users\EdwinFerreira\.m2\repository\commons-digester\commons-digester\1.8.1\commons-digester-1.8.1.jar;C:\Users\EdwinFerreira\.m2\repository\org\aspectj\aspectjweaver\1.9.4\aspectjweaver-1.9.4.jar;C:\Users\EdwinFerreira\.m2\repository\org\codehaus\groovy\groovy\3.0.7\groovy-3.0.7.jar;C:\Users\EdwinFerreira\.m2\repository\net\sf\opencsv\opencsv\2.0\opencsv-2.0.jar;C:\Users\EdwinFerreira\.m2\repository\commons-beanutils\commons-beanutils\1.9.4\commons-beanutils-1.9.4.jar;C:\Users\EdwinFerreira\.m2\repository\org\apache\commons\commons-lang3\3.11\commons-lang3-3.11.jar;C:\Users\EdwinFerreira\.m2\repository\commons-collections\commons-collections\3.2.2\commons-collections-3.2.2.jar;C:\Users\EdwinFerreira\.m2\repository\org\fluentlenium\fluentlenium-core\0.10.2\fluentlenium-core-0.10.2.jar;C:\Users\EdwinFerreira\.m2\repository\io\github\bonigarcia\webdrivermanager\4.3.1\webdrivermanager-4.3.1.jar;C:\Users\EdwinFerreira\.m2\repository\org\apache\httpcomponents\client5\httpclient5\5.0.3\httpclient5-5.0.3.jar;C:\Users\EdwinFerreira\.m2\repository\org\apache\httpcomponents\core5\httpcore5\5.0.2\httpcore5-5.0.2.jar;C:\Users\EdwinFerreira\.m2\repository\org\apache\httpcomponents\core5\httpcore5-h2\5.0.2\httpcore5-h2-5.0.2.jar;C:\Users\EdwinFerreira\.m2\repository\org\rauschig\jarchivelib\1.1.0\jarchivelib-1.1.0.jar;C:\Users\EdwinFerreira\.m2\repository\org\apache\commons\commons-compress\1.20\commons-compress-1.20.jar;C:\Users\EdwinFerreira\.m2\repository\com\jhlabs\filters\2.0.235\filters-2.0.235.jar;C:\Users\EdwinFerreira\.m2\repository\com\assertthat\selenium-shutterbug\0.9.3\selenium-shutterbug-0.9.3.jar;C:\Users\EdwinFerreira\.m2\repository\org\projectlombok\lombok\1.18.8\lombok-1.18.8.jar;C:\Users\EdwinFerreira\.m2\repository\com\github\zafarkhaja\java-semver\0.9.0\java-semver-0.9.0.jar;C:\Users\EdwinFerreira\.m2\repository\com\paulhammant\ngwebdriver\1.1.5\ngwebdriver-1.1.5.jar;C:\Users\EdwinFerreira\.m2\repository\joda-time\joda-time\2.8.2\joda-time-2.8.2.jar;C:\Users\EdwinFerreira\.m2\repository\org\hamcrest\hamcrest\2.2\hamcrest-2.2.jar;C:\Users\EdwinFerreira\.m2\repository\com\google\jimfs\jimfs\1.1\jimfs-1.1.jar;C:\Users\EdwinFerreira\.m2\repository\org\mockito\mockito-core\3.3.3\mockito-core-3.3.3.jar;C:\Users\EdwinFerreira\.m2\repository\javax\xml\bind\jaxb-api\2.3.1\jaxb-api-2.3.1.jar;C:\Users\EdwinFerreira\.m2\repository\javax\activation\javax.activation-api\1.2.0\javax.activation-api-1.2.0.jar;C:\Users\EdwinFerreira\.m2\repository\com\sun\xml\bind\jaxb-core\2.3.0.1\jaxb-core-2.3.0.1.jar;C:\Users\EdwinFerreira\.m2\repository\com\sun\xml\bind\jaxb-impl\2.3.3\jaxb-impl-2.3.3.jar;C:\Users\EdwinFerreira\.m2\repository\jakarta\xml\bind\jakarta.xml.bind-api\2.3.3\jakarta.xml.bind-api-2.3.3.jar;C:\Users\EdwinFerreira\.m2\repository\com\sun\activation\jakarta.activation\1.2.2\jakarta.activation-1.2.2.jar;C:\Users\EdwinFerreira\.m2\repository\javax\activation\activation\1.1.1\activation-1.1.1.jar;C:\Users\EdwinFerreira\.m2\repository\net\serenity-bdd\serenity-junit\2.3.33\serenity-junit-2.3.33.jar;C:\Users\EdwinFerreira\.m2\repository\net\serenity-bdd\serenity-screenplay\2.3.33\serenity-screenplay-2.3.33.jar;C:\Users\EdwinFerreira\.m2\repository\net\serenity-bdd\serenity-screenplay-webdriver\2.3.33\serenity-screenplay-webdriver-2.3.33.jar;C:\Users\EdwinFerreira\.m2\repository\net\serenity-bdd\serenity-ensure\2.3.33\serenity-ensure-2.3.33.jar;C:\Users\EdwinFerreira\.m2\repository\org\jetbrains\kotlin\kotlin-stdlib\1.4.10\kotlin-stdlib-1.4.10.jar;C:\Users\EdwinFerreira\.m2\repository\org\jetbrains\kotlin\kotlin-stdlib-common\1.4.10\kotlin-stdlib-common-1.4.10.jar;C:\Users\EdwinFerreira\.m2\repository\org\jetbrains\annotations\13.0\annotations-13.0.jar;C:\Users\EdwinFerreira\.m2\repository\net\serenity-bdd\serenity-cucumber6\2.3.33\serenity-cucumber6-2.3.33.jar;C:\Users\EdwinFerreira\.m2\repository\io\cucumber\cucumber-java\6.9.1\cucumber-java-6.9.1.jar;C:\Users\EdwinFerreira\.m2\repository\org\apiguardian\apiguardian-api\1.1.0\apiguardian-api-1.1.0.jar;C:\Users\EdwinFerreira\.m2\repository\io\cucumber\cucumber-junit\6.9.1\cucumber-junit-6.9.1.jar;C:\Users\EdwinFerreira\.m2\repository\io\cucumber\datatable-matchers\3.4.0\datatable-matchers-3.4.0.jar;C:\Users\EdwinFerreira\.m2\repository\io\cucumber\datatable\3.4.0\datatable-3.4.0.jar;C:\Users\EdwinFerreira\.m2\repository\commons-logging\commons-logging\1.2\commons-logging-1.2.jar;C:\Users\EdwinFerreira\.m2\repository\org\apache\commons\commons-csv\1.5\commons-csv-1.5.jar;C:\Users\EdwinFerreira\.m2\repository\junit\junit\4.13.1\junit-4.13.1.jar;C:\Users\EdwinFerreira\.m2\repository\org\hamcrest\hamcrest-core\1.3\hamcrest-core-1.3.jar;C:\Users\EdwinFerreira\.m2\repository\org\assertj\assertj-core\3.6.2\assertj-core-3.6.2.jar;C:\Users\EdwinFerreira\.m2\repository\org\hamcrest\hamcrest-all\1.3\hamcrest-all-1.3.jar;"/>
    <property name="sun.cpu.endian" value="little"/>
    <property name="user.home" value="C:\Users\EdwinFerreira"/>
    <property name="user.language" value="es"/>
    <property name="java.specification.vendor" value="Oracle Corporation"/>
    <property name="jdk.module.path" value="C:\Users\EdwinFerreira\Documents\bitsamericas\TestTransportation\target\TestTransportation-1.0-SNAPSHOT.jar"/>
    <property name="java.version.date" value="2021-01-19"/>
    <property name="java.home" value="C:\Users\EdwinFerreira\.jdks\corretto-11.0.10"/>
    <property name="file.separator" value="\"/>
    <property name="basedir" value="C:\Users\EdwinFerreira\Documents\bitsamericas\TestTransportation"/>
    <property name="java.vm.compressedOopsMode" value="Zero based"/>
    <property name="line.separator" value="&#10;"/>
    <property name="java.specification.name" value="Java Platform API Specification"/>
    <property name="java.vm.specification.vendor" value="Oracle Corporation"/>
    <property name="java.awt.graphicsenv" value="sun.awt.Win32GraphicsEnvironment"/>
    <property name="surefire.real.class.path" value="C:\Users\EdwinFerreira\.m2\repository\org\apache\maven\surefire\surefire-booter\3.0.0-M5\surefire-booter-3.0.0-M5.jar;C:\Users\EdwinFerreira\.m2\repository\org\apache\maven\surefire\surefire-api\3.0.0-M5\surefire-api-3.0.0-M5.jar;C:\Users\EdwinFerreira\.m2\repository\org\apache\maven\surefire\surefire-logger-api\3.0.0-M5\surefire-logger-api-3.0.0-M5.jar;C:\Users\EdwinFerreira\.m2\repository\org\apache\maven\surefire\surefire-shared-utils\3.0.0-M4\surefire-shared-utils-3.0.0-M4.jar;C:\Users\EdwinFerreira\.m2\repository\org\apache\maven\surefire\surefire-extensions-spi\3.0.0-M5\surefire-extensions-spi-3.0.0-M5.jar;C:\Users\EdwinFerreira\Documents\bitsamericas\TestTransportation\target\test-classes;C:\Users\EdwinFerreira\.m2\repository\ch\qos\logback\logback-classic\1.0.13\logback-classic-1.0.13.jar;C:\Users\EdwinFerreira\.m2\repository\ch\qos\logback\logback-core\1.0.13\logback-core-1.0.13.jar;C:\Users\EdwinFerreira\.m2\repository\org\slf4j\slf4j-api\1.7.5\slf4j-api-1.7.5.jar;C:\Users\EdwinFerreira\.m2\repository\net\serenity-bdd\serenity-core\2.3.33\serenity-core-2.3.33.jar;C:\Users\EdwinFerreira\.m2\repository\net\serenity-bdd\serenity-model\2.3.33\serenity-model-2.3.33.jar;C:\Users\EdwinFerreira\.m2\repository\org\apache\commons\commons-text\1.9\commons-text-1.9.jar;C:\Users\EdwinFerreira\.m2\repository\commons-net\commons-net\3.6\commons-net-3.6.jar;C:\Users\EdwinFerreira\.m2\repository\com\google\guava\guava\30.1-jre\guava-30.1-jre.jar;C:\Users\EdwinFerreira\.m2\repository\com\google\guava\failureaccess\1.0.1\failureaccess-1.0.1.jar;C:\Users\EdwinFerreira\.m2\repository\com\google\guava\listenablefuture\9999.0-empty-to-avoid-conflict-with-guava\listenablefuture-9999.0-empty-to-avoid-conflict-with-guava.jar;C:\Users\EdwinFerreira\.m2\repository\com\google\code\findbugs\jsr305\3.0.2\jsr305-3.0.2.jar;C:\Users\EdwinFerreira\.m2\repository\org\checkerframework\checker-qual\3.5.0\checker-qual-3.5.0.jar;C:\Users\EdwinFerreira\.m2\repository\com\google\errorprone\error_prone_annotations\2.3.4\error_prone_annotations-2.3.4.jar;C:\Users\EdwinFerreira\.m2\repository\com\google\j2objc\j2objc-annotations\1.3\j2objc-annotations-1.3.jar;C:\Users\EdwinFerreira\.m2\repository\com\google\inject\guice\5.0.1\guice-5.0.1.jar;C:\Users\EdwinFerreira\.m2\repository\javax\inject\javax.inject\1\javax.inject-1.jar;C:\Users\EdwinFerreira\.m2\repository\aopalliance\aopalliance\1.0\aopalliance-1.0.jar;C:\Users\EdwinFerreira\.m2\repository\org\jsoup\jsoup\1.13.1\jsoup-1.13.1.jar;C:\Users\EdwinFerreira\.m2\repository\com\thoughtworks\xstream\xstream\1.4.13\xstream-1.4.13.jar;C:\Users\EdwinFerreira\.m2\repository\xmlpull\xmlpull\1.1.3.1\xmlpull-1.1.3.1.jar;C:\Users\EdwinFerreira\.m2\repository\xpp3\xpp3_min\1.1.4c\xpp3_min-1.1.4c.jar;C:\Users\EdwinFerreira\.m2\repository\io\cucumber\cucumber-core\6.10.2\cucumber-core-6.10.2.jar;C:\Users\EdwinFerreira\.m2\repository\io\cucumber\cucumber-gherkin\6.10.2\cucumber-gherkin-6.10.2.jar;C:\Users\EdwinFerreira\.m2\repository\io\cucumber\cucumber-gherkin-messages\6.10.2\cucumber-gherkin-messages-6.10.2.jar;C:\Users\EdwinFerreira\.m2\repository\io\cucumber\messages\14.0.1\messages-14.0.1.jar;C:\Users\EdwinFerreira\.m2\repository\io\cucumber\tag-expressions\3.0.0\tag-expressions-3.0.0.jar;C:\Users\EdwinFerreira\.m2\repository\io\cucumber\cucumber-expressions\10.3.0\cucumber-expressions-10.3.0.jar;C:\Users\EdwinFerreira\.m2\repository\io\cucumber\cucumber-plugin\6.10.2\cucumber-plugin-6.10.2.jar;C:\Users\EdwinFerreira\.m2\repository\io\cucumber\docstring\6.10.2\docstring-6.10.2.jar;C:\Users\EdwinFerreira\.m2\repository\io\cucumber\html-formatter\12.0.0\html-formatter-12.0.0.jar;C:\Users\EdwinFerreira\.m2\repository\io\cucumber\create-meta\3.0.0\create-meta-3.0.0.jar;C:\Users\EdwinFerreira\.m2\repository\com\typesafe\config\1.3.1\config-1.3.1.jar;C:\Users\EdwinFerreira\.m2\repository\org\imgscalr\imgscalr-lib\4.2\imgscalr-lib-4.2.jar;C:\Users\EdwinFerreira\.m2\repository\org\awaitility\awaitility\4.0.3\awaitility-4.0.3.jar;C:\Users\EdwinFerreira\.m2\repository\org\freemarker\freemarker\2.3.29\freemarker-2.3.29.jar;C:\Users\EdwinFerreira\.m2\repository\net\sourceforge\jexcelapi\jxl\2.6.12\jxl-2.6.12.jar;C:\Users\EdwinFerreira\.m2\repository\org\asciidoctor\asciidoctorj\1.5.6\asciidoctorj-1.5.6.jar;C:\Users\EdwinFerreira\.m2\repository\org\jruby\jruby-complete\1.7.26\jruby-complete-1.7.26.jar;C:\Users\EdwinFerreira\.m2\repository\net\bytebuddy\byte-buddy\1.10.10\byte-buddy-1.10.10.jar;C:\Users\EdwinFerreira\.m2\repository\net\bytebuddy\byte-buddy-agent\1.10.10\byte-buddy-agent-1.10.10.jar;C:\Users\EdwinFerreira\.m2\repository\org\objenesis\objenesis\3.1\objenesis-3.1.jar;C:\Users\EdwinFerreira\.m2\repository\net\serenity-bdd\serenity-reports\2.3.33\serenity-reports-2.3.33.jar;C:\Users\EdwinFerreira\.m2\repository\net\serenity-bdd\serenity-stats\2.3.33\serenity-stats-2.3.33.jar;C:\Users\EdwinFerreira\.m2\repository\net\serenity-bdd\serenity-reports-configuration\2.3.33\serenity-reports-configuration-2.3.33.jar;C:\Users\EdwinFerreira\.m2\repository\com\vladsch\flexmark\flexmark-all\0.34.30\flexmark-all-0.34.30.jar;C:\Users\EdwinFerreira\.m2\repository\com\vladsch\flexmark\flexmark\0.34.30\flexmark-0.34.30.jar;C:\Users\EdwinFerreira\.m2\repository\com\vladsch\flexmark\flexmark-ext-abbreviation\0.34.30\flexmark-ext-abbreviation-0.34.30.jar;C:\Users\EdwinFerreira\.m2\repository\com\vladsch\flexmark\flexmark-ext-admonition\0.34.30\flexmark-ext-admonition-0.34.30.jar;C:\Users\EdwinFerreira\.m2\repository\com\vladsch\flexmark\flexmark-ext-anchorlink\0.34.30\flexmark-ext-anchorlink-0.34.30.jar;C:\Users\EdwinFerreira\.m2\repository\com\vladsch\flexmark\flexmark-ext-aside\0.34.30\flexmark-ext-aside-0.34.30.jar;C:\Users\EdwinFerreira\.m2\repository\com\vladsch\flexmark\flexmark-ext-attributes\0.34.30\flexmark-ext-attributes-0.34.30.jar;C:\Users\EdwinFerreira\.m2\repository\com\vladsch\flexmark\flexmark-ext-autolink\0.34.30\flexmark-ext-autolink-0.34.30.jar;C:\Users\EdwinFerreira\.m2\repository\org\nibor\autolink\autolink\0.6.0\autolink-0.6.0.jar;C:\Users\EdwinFerreira\.m2\repository\com\vladsch\flexmark\flexmark-ext-definition\0.34.30\flexmark-ext-definition-0.34.30.jar;C:\Users\EdwinFerreira\.m2\repository\com\vladsch\flexmark\flexmark-ext-emoji\0.34.30\flexmark-ext-emoji-0.34.30.jar;C:\Users\EdwinFerreira\.m2\repository\com\vladsch\flexmark\flexmark-ext-enumerated-reference\0.34.30\flexmark-ext-enumerated-reference-0.34.30.jar;C:\Users\EdwinFerreira\.m2\repository\com\vladsch\flexmark\flexmark-ext-escaped-character\0.34.30\flexmark-ext-escaped-character-0.34.30.jar;C:\Users\EdwinFerreira\.m2\repository\com\vladsch\flexmark\flexmark-ext-footnotes\0.34.30\flexmark-ext-footnotes-0.34.30.jar;C:\Users\EdwinFerreira\.m2\repository\com\vladsch\flexmark\flexmark-ext-gfm-issues\0.34.30\flexmark-ext-gfm-issues-0.34.30.jar;C:\Users\EdwinFerreira\.m2\repository\com\vladsch\flexmark\flexmark-ext-gfm-strikethrough\0.34.30\flexmark-ext-gfm-strikethrough-0.34.30.jar;C:\Users\EdwinFerreira\.m2\repository\com\vladsch\flexmark\flexmark-ext-gfm-tables\0.34.30\flexmark-ext-gfm-tables-0.34.30.jar;C:\Users\EdwinFerreira\.m2\repository\com\vladsch\flexmark\flexmark-ext-gfm-tasklist\0.34.30\flexmark-ext-gfm-tasklist-0.34.30.jar;C:\Users\EdwinFerreira\.m2\repository\com\vladsch\flexmark\flexmark-ext-gfm-users\0.34.30\flexmark-ext-gfm-users-0.34.30.jar;C:\Users\EdwinFerreira\.m2\repository\com\vladsch\flexmark\flexmark-ext-gitlab\0.34.30\flexmark-ext-gitlab-0.34.30.jar;C:\Users\EdwinFerreira\.m2\repository\com\vladsch\flexmark\flexmark-ext-jekyll-front-matter\0.34.30\flexmark-ext-jekyll-front-matter-0.34.30.jar;C:\Users\EdwinFerreira\.m2\repository\com\vladsch\flexmark\flexmark-ext-jekyll-tag\0.34.30\flexmark-ext-jekyll-tag-0.34.30.jar;C:\Users\EdwinFerreira\.m2\repository\com\vladsch\flexmark\flexmark-ext-media-tags\0.34.30\flexmark-ext-media-tags-0.34.30.jar;C:\Users\EdwinFerreira\.m2\repository\com\vladsch\flexmark\flexmark-test-util\0.34.30\flexmark-test-util-0.34.30.jar;C:\Users\EdwinFerreira\.m2\repository\com\vladsch\flexmark\flexmark-ext-ins\0.34.30\flexmark-ext-ins-0.34.30.jar;C:\Users\EdwinFerreira\.m2\repository\com\vladsch\flexmark\flexmark-ext-xwiki-macros\0.34.30\flexmark-ext-xwiki-macros-0.34.30.jar;C:\Users\EdwinFerreira\.m2\repository\com\vladsch\flexmark\flexmark-ext-superscript\0.34.30\flexmark-ext-superscript-0.34.30.jar;C:\Users\EdwinFerreira\.m2\repository\com\vladsch\flexmark\flexmark-ext-tables\0.34.30\flexmark-ext-tables-0.34.30.jar;C:\Users\EdwinFerreira\.m2\repository\com\vladsch\flexmark\flexmark-ext-toc\0.34.30\flexmark-ext-toc-0.34.30.jar;C:\Users\EdwinFerreira\.m2\repository\com\vladsch\flexmark\flexmark-ext-typographic\0.34.30\flexmark-ext-typographic-0.34.30.jar;C:\Users\EdwinFerreira\.m2\repository\com\vladsch\flexmark\flexmark-ext-wikilink\0.34.30\flexmark-ext-wikilink-0.34.30.jar;C:\Users\EdwinFerreira\.m2\repository\com\vladsch\flexmark\flexmark-ext-yaml-front-matter\0.34.30\flexmark-ext-yaml-front-matter-0.34.30.jar;C:\Users\EdwinFerreira\.m2\repository\com\vladsch\flexmark\flexmark-ext-youtube-embedded\0.34.30\flexmark-ext-youtube-embedded-0.34.30.jar;C:\Users\EdwinFerreira\.m2\repository\com\vladsch\flexmark\flexmark-formatter\0.34.30\flexmark-formatter-0.34.30.jar;C:\Users\EdwinFerreira\.m2\repository\com\vladsch\flexmark\flexmark-html-parser\0.34.30\flexmark-html-parser-0.34.30.jar;C:\Users\EdwinFerreira\.m2\repository\com\vladsch\flexmark\flexmark-jira-converter\0.34.30\flexmark-jira-converter-0.34.30.jar;C:\Users\EdwinFerreira\.m2\repository\com\vladsch\flexmark\flexmark-pdf-converter\0.34.30\flexmark-pdf-converter-0.34.30.jar;C:\Users\EdwinFerreira\.m2\repository\com\openhtmltopdf\openhtmltopdf-core\0.0.1-RC13\openhtmltopdf-core-0.0.1-RC13.jar;C:\Users\EdwinFerreira\.m2\repository\com\openhtmltopdf\openhtmltopdf-pdfbox\0.0.1-RC13\openhtmltopdf-pdfbox-0.0.1-RC13.jar;C:\Users\EdwinFerreira\.m2\repository\org\apache\pdfbox\pdfbox\2.0.8\pdfbox-2.0.8.jar;C:\Users\EdwinFerreira\.m2\repository\org\apache\pdfbox\fontbox\2.0.8\fontbox-2.0.8.jar;C:\Users\EdwinFerreira\.m2\repository\org\apache\pdfbox\xmpbox\2.0.8\xmpbox-2.0.8.jar;C:\Users\EdwinFerreira\.m2\repository\de\rototor\pdfbox\graphics2d\0.12\graphics2d-0.12.jar;C:\Users\EdwinFerreira\.m2\repository\com\openhtmltopdf\openhtmltopdf-rtl-support\0.0.1-RC13\openhtmltopdf-rtl-support-0.0.1-RC13.jar;C:\Users\EdwinFerreira\.m2\repository\com\ibm\icu\icu4j\59.1\icu4j-59.1.jar;C:\Users\EdwinFerreira\.m2\repository\com\openhtmltopdf\openhtmltopdf-jsoup-dom-converter\0.0.1-RC13\openhtmltopdf-jsoup-dom-converter-0.0.1-RC13.jar;C:\Users\EdwinFerreira\.m2\repository\com\vladsch\flexmark\flexmark-profile-pegdown\0.34.30\flexmark-profile-pegdown-0.34.30.jar;C:\Users\EdwinFerreira\.m2\repository\com\vladsch\flexmark\flexmark-util\0.34.30\flexmark-util-0.34.30.jar;C:\Users\EdwinFerreira\.m2\repository\com\vladsch\flexmark\flexmark-youtrack-converter\0.34.30\flexmark-youtrack-converter-0.34.30.jar;C:\Users\EdwinFerreira\.m2\repository\es\nitaur\markdown\txtmark\0.16\txtmark-0.16.jar;C:\Users\EdwinFerreira\.m2\repository\net\serenity-bdd\serenity-report-resources\2.3.33\serenity-report-resources-2.3.33.jar;C:\Users\EdwinFerreira\.m2\repository\com\google\code\gson\gson\2.8.6\gson-2.8.6.jar;C:\Users\EdwinFerreira\.m2\repository\commons-codec\commons-codec\1.15\commons-codec-1.15.jar;C:\Users\EdwinFerreira\.m2\repository\commons-io\commons-io\2.6\commons-io-2.6.jar;C:\Users\EdwinFerreira\.m2\repository\org\seleniumhq\selenium\selenium-server\3.141.59\selenium-server-3.141.59.jar;C:\Users\EdwinFerreira\.m2\repository\org\seleniumhq\selenium\selenium-opera-driver\3.141.59\selenium-opera-driver-3.141.59.jar;C:\Users\EdwinFerreira\.m2\repository\org\seleniumhq\selenium\selenium-remote-driver\3.141.59\selenium-remote-driver-3.141.59.jar;C:\Users\EdwinFerreira\.m2\repository\org\seleniumhq\selenium\selenium-safari-driver\3.141.59\selenium-safari-driver-3.141.59.jar;C:\Users\EdwinFerreira\.m2\repository\com\beust\jcommander\1.72\jcommander-1.72.jar;C:\Users\EdwinFerreira\.m2\repository\org\apache\commons\commons-exec\1.3\commons-exec-1.3.jar;C:\Users\EdwinFerreira\.m2\repository\net\jcip\jcip-annotations\1.0\jcip-annotations-1.0.jar;C:\Users\EdwinFerreira\.m2\repository\org\seleniumhq\selenium\jetty-repacked\9.4.12.v20180830\jetty-repacked-9.4.12.v20180830.jar;C:\Users\EdwinFerreira\.m2\repository\com\squareup\okhttp3\okhttp\3.11.0\okhttp-3.11.0.jar;C:\Users\EdwinFerreira\.m2\repository\com\squareup\okio\okio\1.14.0\okio-1.14.0.jar;C:\Users\EdwinFerreira\.m2\repository\javax\servlet\javax.servlet-api\3.1.0\javax.servlet-api-3.1.0.jar;C:\Users\EdwinFerreira\.m2\repository\org\yaml\snakeyaml\1.19\snakeyaml-1.19.jar;C:\Users\EdwinFerreira\.m2\repository\org\seleniumhq\selenium\selenium-java\3.141.59\selenium-java-3.141.59.jar;C:\Users\EdwinFerreira\.m2\repository\org\seleniumhq\selenium\selenium-api\3.141.59\selenium-api-3.141.59.jar;C:\Users\EdwinFerreira\.m2\repository\org\seleniumhq\selenium\selenium-support\3.141.59\selenium-support-3.141.59.jar;C:\Users\EdwinFerreira\.m2\repository\org\seleniumhq\selenium\selenium-chrome-driver\3.141.59\selenium-chrome-driver-3.141.59.jar;C:\Users\EdwinFerreira\.m2\repository\org\seleniumhq\selenium\selenium-firefox-driver\3.141.59\selenium-firefox-driver-3.141.59.jar;C:\Users\EdwinFerreira\.m2\repository\org\seleniumhq\selenium\selenium-edge-driver\3.141.59\selenium-edge-driver-3.141.59.jar;C:\Users\EdwinFerreira\.m2\repository\org\seleniumhq\selenium\selenium-ie-driver\3.141.59\selenium-ie-driver-3.141.59.jar;C:\Users\EdwinFerreira\.m2\repository\net\sourceforge\htmlunit\htmlunit\2.47.1\htmlunit-2.47.1.jar;C:\Users\EdwinFerreira\.m2\repository\xalan\xalan\2.7.2\xalan-2.7.2.jar;C:\Users\EdwinFerreira\.m2\repository\xalan\serializer\2.7.2\serializer-2.7.2.jar;C:\Users\EdwinFerreira\.m2\repository\org\apache\httpcomponents\httpmime\4.5.13\httpmime-4.5.13.jar;C:\Users\EdwinFerreira\.m2\repository\org\apache\httpcomponents\httpclient\4.5.13\httpclient-4.5.13.jar;C:\Users\EdwinFerreira\.m2\repository\org\apache\httpcomponents\httpcore\4.4.13\httpcore-4.4.13.jar;C:\Users\EdwinFerreira\.m2\repository\net\sourceforge\htmlunit\htmlunit-core-js\2.47.0\htmlunit-core-js-2.47.0.jar;C:\Users\EdwinFerreira\.m2\repository\net\sourceforge\htmlunit\neko-htmlunit\2.47.1\neko-htmlunit-2.47.1.jar;C:\Users\EdwinFerreira\.m2\repository\xerces\xercesImpl\2.12.0\xercesImpl-2.12.0.jar;C:\Users\EdwinFerreira\.m2\repository\xml-apis\xml-apis\1.4.01\xml-apis-1.4.01.jar;C:\Users\EdwinFerreira\.m2\repository\net\sourceforge\htmlunit\htmlunit-cssparser\1.7.0\htmlunit-cssparser-1.7.0.jar;C:\Users\EdwinFerreira\.m2\repository\org\brotli\dec\0.1.2\dec-0.1.2.jar;C:\Users\EdwinFerreira\.m2\repository\com\shapesecurity\salvation2\3.0.0\salvation2-3.0.0.jar;C:\Users\EdwinFerreira\.m2\repository\org\eclipse\jetty\websocket\websocket-client\9.4.36.v20210114\websocket-client-9.4.36.v20210114.jar;C:\Users\EdwinFerreira\.m2\repository\org\eclipse\jetty\jetty-client\9.4.36.v20210114\jetty-client-9.4.36.v20210114.jar;C:\Users\EdwinFerreira\.m2\repository\org\eclipse\jetty\jetty-http\9.4.36.v20210114\jetty-http-9.4.36.v20210114.jar;C:\Users\EdwinFerreira\.m2\repository\org\eclipse\jetty\jetty-util\9.4.36.v20210114\jetty-util-9.4.36.v20210114.jar;C:\Users\EdwinFerreira\.m2\repository\org\eclipse\jetty\jetty-io\9.4.36.v20210114\jetty-io-9.4.36.v20210114.jar;C:\Users\EdwinFerreira\.m2\repository\org\eclipse\jetty\websocket\websocket-common\9.4.36.v20210114\websocket-common-9.4.36.v20210114.jar;C:\Users\EdwinFerreira\.m2\repository\org\eclipse\jetty\websocket\websocket-api\9.4.36.v20210114\websocket-api-9.4.36.v20210114.jar;C:\Users\EdwinFerreira\.m2\repository\org\seleniumhq\selenium\htmlunit-driver\2.47.1\htmlunit-driver-2.47.1.jar;C:\Users\EdwinFerreira\.m2\repository\com\codeborne\phantomjsdriver\1.4.4\phantomjsdriver-1.4.4.jar;C:\Users\EdwinFerreira\.m2\repository\io\appium\java-client\7.3.0\java-client-7.3.0.jar;C:\Users\EdwinFerreira\.m2\repository\commons-validator\commons-validator\1.6\commons-validator-1.6.jar;C:\Users\EdwinFerreira\.m2\repository\commons-digester\commons-digester\1.8.1\commons-digester-1.8.1.jar;C:\Users\EdwinFerreira\.m2\repository\org\aspectj\aspectjweaver\1.9.4\aspectjweaver-1.9.4.jar;C:\Users\EdwinFerreira\.m2\repository\org\codehaus\groovy\groovy\3.0.7\groovy-3.0.7.jar;C:\Users\EdwinFerreira\.m2\repository\net\sf\opencsv\opencsv\2.0\opencsv-2.0.jar;C:\Users\EdwinFerreira\.m2\repository\commons-beanutils\commons-beanutils\1.9.4\commons-beanutils-1.9.4.jar;C:\Users\EdwinFerreira\.m2\repository\org\apache\commons\commons-lang3\3.11\commons-lang3-3.11.jar;C:\Users\EdwinFerreira\.m2\repository\commons-collections\commons-collections\3.2.2\commons-collections-3.2.2.jar;C:\Users\EdwinFerreira\.m2\repository\org\fluentlenium\fluentlenium-core\0.10.2\fluentlenium-core-0.10.2.jar;C:\Users\EdwinFerreira\.m2\repository\io\github\bonigarcia\webdrivermanager\4.3.1\webdrivermanager-4.3.1.jar;C:\Users\EdwinFerreira\.m2\repository\org\apache\httpcomponents\client5\httpclient5\5.0.3\httpclient5-5.0.3.jar;C:\Users\EdwinFerreira\.m2\repository\org\apache\httpcomponents\core5\httpcore5\5.0.2\httpcore5-5.0.2.jar;C:\Users\EdwinFerreira\.m2\repository\org\apache\httpcomponents\core5\httpcore5-h2\5.0.2\httpcore5-h2-5.0.2.jar;C:\Users\EdwinFerreira\.m2\repository\org\rauschig\jarchivelib\1.1.0\jarchivelib-1.1.0.jar;C:\Users\EdwinFerreira\.m2\repository\org\apache\commons\commons-compress\1.20\commons-compress-1.20.jar;C:\Users\EdwinFerreira\.m2\repository\com\jhlabs\filters\2.0.235\filters-2.0.235.jar;C:\Users\EdwinFerreira\.m2\repository\com\assertthat\selenium-shutterbug\0.9.3\selenium-shutterbug-0.9.3.jar;C:\Users\EdwinFerreira\.m2\repository\org\projectlombok\lombok\1.18.8\lombok-1.18.8.jar;C:\Users\EdwinFerreira\.m2\repository\com\github\zafarkhaja\java-semver\0.9.0\java-semver-0.9.0.jar;C:\Users\EdwinFerreira\.m2\repository\com\paulhammant\ngwebdriver\1.1.5\ngwebdriver-1.1.5.jar;C:\Users\EdwinFerreira\.m2\repository\joda-time\joda-time\2.8.2\joda-time-2.8.2.jar;C:\Users\EdwinFerreira\.m2\repository\org\hamcrest\hamcrest\2.2\hamcrest-2.2.jar;C:\Users\EdwinFerreira\.m2\repository\com\google\jimfs\jimfs\1.1\jimfs-1.1.jar;C:\Users\EdwinFerreira\.m2\repository\org\mockito\mockito-core\3.3.3\mockito-core-3.3.3.jar;C:\Users\EdwinFerreira\.m2\repository\javax\xml\bind\jaxb-api\2.3.1\jaxb-api-2.3.1.jar;C:\Users\EdwinFerreira\.m2\repository\javax\activation\javax.activation-api\1.2.0\javax.activation-api-1.2.0.jar;C:\Users\EdwinFerreira\.m2\repository\com\sun\xml\bind\jaxb-core\2.3.0.1\jaxb-core-2.3.0.1.jar;C:\Users\EdwinFerreira\.m2\repository\com\sun\xml\bind\jaxb-impl\2.3.3\jaxb-impl-2.3.3.jar;C:\Users\EdwinFerreira\.m2\repository\jakarta\xml\bind\jakarta.xml.bind-api\2.3.3\jakarta.xml.bind-api-2.3.3.jar;C:\Users\EdwinFerreira\.m2\repository\com\sun\activation\jakarta.activation\1.2.2\jakarta.activation-1.2.2.jar;C:\Users\EdwinFerreira\.m2\repository\javax\activation\activation\1.1.1\activation-1.1.1.jar;C:\Users\EdwinFerreira\.m2\repository\net\serenity-bdd\serenity-junit\2.3.33\serenity-junit-2.3.33.jar;C:\Users\EdwinFerreira\.m2\repository\net\serenity-bdd\serenity-screenplay\2.3.33\serenity-screenplay-2.3.33.jar;C:\Users\EdwinFerreira\.m2\repository\net\serenity-bdd\serenity-screenplay-webdriver\2.3.33\serenity-screenplay-webdriver-2.3.33.jar;C:\Users\EdwinFerreira\.m2\repository\net\serenity-bdd\serenity-ensure\2.3.33\serenity-ensure-2.3.33.jar;C:\Users\EdwinFerreira\.m2\repository\org\jetbrains\kotlin\kotlin-stdlib\1.4.10\kotlin-stdlib-1.4.10.jar;C:\Users\EdwinFerreira\.m2\repository\org\jetbrains\kotlin\kotlin-stdlib-common\1.4.10\kotlin-stdlib-common-1.4.10.jar;C:\Users\EdwinFerreira\.m2\repository\org\jetbrains\annotations\13.0\annotations-13.0.jar;C:\Users\EdwinFerreira\.m2\repository\net\serenity-bdd\serenity-cucumber6\2.3.33\serenity-cucumber6-2.3.33.jar;C:\Users\EdwinFerreira\.m2\repository\io\cucumber\cucumber-java\6.9.1\cucumber-java-6.9.1.jar;C:\Users\EdwinFerreira\.m2\repository\org\apiguardian\apiguardian-api\1.1.0\apiguardian-api-1.1.0.jar;C:\Users\EdwinFerreira\.m2\repository\io\cucumber\cucumber-junit\6.9.1\cucumber-junit-6.9.1.jar;C:\Users\EdwinFerreira\.m2\repository\io\cucumber\datatable-matchers\3.4.0\datatable-matchers-3.4.0.jar;C:\Users\EdwinFerreira\.m2\repository\io\cucumber\datatable\3.4.0\datatable-3.4.0.jar;C:\Users\EdwinFerreira\.m2\repository\commons-logging\commons-logging\1.2\commons-logging-1.2.jar;C:\Users\EdwinFerreira\.m2\repository\org\apache\commons\commons-csv\1.5\commons-csv-1.5.jar;C:\Users\EdwinFerreira\.m2\repository\junit\junit\4.13.1\junit-4.13.1.jar;C:\Users\EdwinFerreira\.m2\repository\org\hamcrest\hamcrest-core\1.3\hamcrest-core-1.3.jar;C:\Users\EdwinFerreira\.m2\repository\org\assertj\assertj-core\3.6.2\assertj-core-3.6.2.jar;C:\Users\EdwinFerreira\.m2\repository\org\hamcrest\hamcrest-all\1.3\hamcrest-all-1.3.jar;C:\Users\EdwinFerreira\.m2\repository\org\apache\maven\surefire\surefire-junit47\3.0.0-M5\surefire-junit47-3.0.0-M5.jar;C:\Users\EdwinFerreira\.m2\repository\org\apache\maven\surefire\common-java5\3.0.0-M5\common-java5-3.0.0-M5.jar;C:\Users\EdwinFerreira\.m2\repository\org\apache\maven\surefire\common-junit3\3.0.0-M5\common-junit3-3.0.0-M5.jar;C:\Users\EdwinFerreira\.m2\repository\org\apache\maven\surefire\common-junit4\3.0.0-M5\common-junit4-3.0.0-M5.jar;C:\Users\EdwinFerreira\.m2\repository\org\apache\maven\surefire\common-junit48\3.0.0-M5\common-junit48-3.0.0-M5.jar;C:\Users\EdwinFerreira\.m2\repository\org\apache\maven\surefire\surefire-grouper\3.0.0-M5\surefire-grouper-3.0.0-M5.jar"/>
    <property name="user.script" value=""/>
    <property name="java.protocol.handler.pkgs" value="com.google.common"/>
    <property name="sun.management.compiler" value="HotSpot 64-Bit Tiered Compilers"/>
    <property name="java.runtime.version" value="11.0.10+9-LTS"/>
    <property name="user.name" value="EdwinFerreira"/>
    <property name="path.separator" value=";"/>
    <property name="os.version" value="10.0"/>
    <property name="java.runtime.name" value="OpenJDK Runtime Environment"/>
    <property name="file.encoding" value="Cp1252"/>
    <property name="webdriver.base.url" value=""/>
    <property name="java.vm.name" value="OpenJDK 64-Bit Server VM"/>
    <property name="java.vendor.version" value="Corretto-11.0.10.9.1"/>
    <property name="localRepository" value="C:\Users\EdwinFerreira\.m2\repository"/>
    <property name="java.vendor.url.bug" value="https://github.com/corretto/corretto-11/issues/"/>
    <property name="java.io.tmpdir" value="C:\Users\EDWINF~1\AppData\Local\Temp\"/>
    <property name="idea.version" value="2020.3.2"/>
    <property name="java.version" value="11.0.10"/>
    <property name="user.dir" value="C:\Users\EdwinFerreira\Documents\bitsamericas\TestTransportation"/>
    <property name="os.arch" value="amd64"/>
    <property name="java.vm.specification.name" value="Java Virtual Machine Specification"/>
    <property name="java.awt.printerjob" value="sun.awt.windows.WPrinterJob"/>
    <property name="sun.os.patch.level" value=""/>
    <property name="java.library.path" value="C:\Users\EdwinFerreira\.jdks\corretto-11.0.10\bin;C:\WINDOWS\Sun\Java\bin;C:\WINDOWS\system32;C:\WINDOWS;C:\Users\EdwinFerreira\AppData\Local\Programs\Python\Python39\Scripts\;C:\Users\EdwinFerreira\AppData\Local\Programs\Python\Python39\;C:\Python38\Scripts\;C:\Python38\;C:\WINDOWS\system32;C:\WINDOWS;C:\WINDOWS\System32\Wbem;C:\WINDOWS\System32\WindowsPowerShell\v1.0\;C:\WINDOWS\System32\OpenSSH\;C:\Program Files\java\jdk-11.0.2\bin;C:\Program Files\Git\cmd;C:\ProgramData\chocolatey\bin;C:\Program Files\m2\apache-maven-3.6.3\bin;C:\Program Files\nodejs\;C:\Users\EdwinFerreira\AppData\Local\Microsoft\WindowsApps;C:\Users\EdwinFerreira\AppData\Local\Programs\Microsoft VS Code\bin;C:\Program Files\java\jdk-11.0.2\bin;C:\Program Files\JetBrains\IntelliJ IDEA Community Edition 2020.2.2\bin;;C:\Program Files\m2\apache-maven-3.6.3\bin;;C:\Program Files\JetBrains\IntelliJ IDEA Educational Edition 2020.3\bin;;C:\Users\EdwinFerreira\AppData\Roaming\npm;C:\tools\neovim\Neovim\bin;;."/>
    <property name="java.vm.info" value="mixed mode"/>
    <property name="java.vendor" value="Amazon.com Inc."/>
    <property name="java.vm.version" value="11.0.10+9-LTS"/>
    <property name="sun.io.unicode.encoding" value="UnicodeLittle"/>
    <property name="java.class.version" value="55.0"/>
  </properties>
  <testcase name="En el módulo administrativo debe contar una sección para conocer la demanda que se ha tenido en términos de servicio de transporte." classname="YO como empresa transportadora y administrador del E-commerce" time="16.559">
    <system-out><![CDATA[17:14:36.695 [pool-2-thread-1] INFO  i.c.core.plugin.SerenityReporter - Running feature from file:///C:/Users/EdwinFerreira/Documents/bitsamericas/TestTransportation/src/test/resources/features/demand.feature
17:14:36.702 [pool-2-thread-1] INFO   - 
 _____ _____ ____ _____   ____ _____  _    ____ _____ _____ ____  
|_   _| ____/ ___|_   _| / ___|_   _|/ \  |  _ \_   _| ____|  _ \ 
  | | |  _| \___ \ | |   \___ \ | | / _ \ | |_) || | |  _| | | | |
  | | | |___ ___) || |    ___) || |/ ___ \|  _ < | | | |___| |_| |
  |_| |_____|____/ |_|   |____/ |_/_/   \_\_| \_\|_| |_____|____/ 

En el módulo administrativo debe contar una sección para conocer la demanda que se ha tenido en términos de servicio de transporte.(yo-como-empresa-transportadora-y-administrador-del-e-commerce;en-el-módulo-administrativo-debe-contar-una-sección-para-conocer-la-demanda-que-se-ha-tenido-en-términos-de-servicio-de-transporte.)
-------------------------------------------------------------------
17:14:37.838 [pool-2-thread-1] INFO  n.s.c.w.d.ChromeDriverProvider - Using automatically driver download
17:14:38.359 [pool-2-thread-1] DEBUG i.g.b.wdm.cache.ResolutionCache - Resolution chrome=89 in cache (valid until 17:24:58 07/04/2021 COT)
17:14:38.360 [pool-2-thread-1] DEBUG i.g.b.wdm.cache.ResolutionCache - Resolution chrome89=89.0.4389.23 in cache (valid until 20:03:11 07/04/2021 COT)
17:14:38.361 [pool-2-thread-1] INFO  i.g.bonigarcia.wdm.WebDriverManager - Using chromedriver 89.0.4389.23 (resolved driver for Chrome 89)
17:14:38.374 [pool-2-thread-1] DEBUG i.g.bonigarcia.wdm.WebDriverManager - Driver chromedriver 89.0.4389.23 found in cache
17:14:38.375 [pool-2-thread-1] INFO  i.g.bonigarcia.wdm.WebDriverManager - Exporting webdriver.chrome.driver as C:\Users\EdwinFerreira\.cache\selenium\chromedriver\win32\89.0.4389.23\chromedriver.exe
17:14:39.482 [pool-2-thread-1] INFO  n.s.c.w.d.ProvideNewDriver - Instantiating driver
17:14:39.485 [pool-2-thread-1] INFO  n.s.c.w.d.ProvideNewDriver - Driver capabilities: Capabilities {acceptInsecureCerts: false, browserName: chrome, goog:chromeOptions: {args: [], extensions: []}, loggingPrefs: org.openqa.selenium.logging...}
17:14:51.011 [pool-2-thread-1] INFO   - 
        __    _____ _____ ____ _____   ____   _    ____  ____  _____ ____  
  _     \ \  |_   _| ____/ ___|_   _| |  _ \ / \  / ___|/ ___|| ____|  _ \ 
 (_)_____| |   | | |  _| \___ \ | |   | |_) / _ \ \___ \\___ \|  _| | | | |
  _|_____| |   | | | |___ ___) || |   |  __/ ___ \ ___) |___) | |___| |_| |
 (_)     | |   |_| |_____|____/ |_|   |_| /_/   \_\____/|____/|_____|____/ 
        /_/                                                                

En el módulo administrativo debe contar una sección para conocer la demanda que se ha tenido en términos de servicio de transporte.
----------------------------------------------------------------------------
]]></system-out>
    <system-err><![CDATA[Starting ChromeDriver 89.0.4389.23 (61b08ee2c50024bab004e48d2b1b083cdbdac579-refs/branch-heads/4389@{#294}) on port 38589
Only local connections are allowed.
Please see https://chromedriver.chromium.org/security-considerations for suggestions on keeping ChromeDriver safe.
ChromeDriver was started successfully.
abr. 07, 2021 5:14:41 P. M. org.openqa.selenium.remote.ProtocolHandshake createSession
INFORMACIÓN: Detected dialect: W3C
abr. 07, 2021 5:14:41 P. M. org.openqa.selenium.remote.ProtocolHandshake createSession
INFORMACIÓN: Detected dialect: W3C
]]></system-err>
  </testcase>
  <testcase name="Esta sección para el informe de la demanda de transporte debe contener lo siguiente:" classname="YO como empresa transportadora y administrador del E-commerce" time="10.176">
    <system-out><![CDATA[17:14:52.350 [pool-2-thread-1] INFO  i.c.core.plugin.SerenityReporter - Running feature from file:///C:/Users/EdwinFerreira/Documents/bitsamericas/TestTransportation/src/test/resources/features/demand.feature
17:14:52.358 [pool-2-thread-1] INFO   - 
 _____ _____ ____ _____   ____ _____  _    ____ _____ _____ ____  
|_   _| ____/ ___|_   _| / ___|_   _|/ \  |  _ \_   _| ____|  _ \ 
  | | |  _| \___ \ | |   \___ \ | | / _ \ | |_) || | |  _| | | | |
  | | | |___ ___) || |    ___) || |/ ___ \|  _ < | | | |___| |_| |
  |_| |_____|____/ |_|   |____/ |_/_/   \_\_| \_\|_| |_____|____/ 

Esta sección para el informe de la demanda de transporte debe contener lo siguiente:(yo-como-empresa-transportadora-y-administrador-del-e-commerce;esta-sección-para-el-informe-de-la-demanda-de-transporte-debe-contener-lo-siguiente:)
-------------------------------------------------------------------
17:14:52.419 [pool-2-thread-1] INFO  n.s.c.w.d.ChromeDriverProvider - Using automatically driver download
17:14:52.433 [pool-2-thread-1] DEBUG i.g.b.wdm.cache.ResolutionCache - Resolution chrome=89 in cache (valid until 17:24:58 07/04/2021 COT)
17:14:52.434 [pool-2-thread-1] DEBUG i.g.b.wdm.cache.ResolutionCache - Resolution chrome89=89.0.4389.23 in cache (valid until 20:03:11 07/04/2021 COT)
17:14:52.435 [pool-2-thread-1] INFO  i.g.bonigarcia.wdm.WebDriverManager - Using chromedriver 89.0.4389.23 (resolved driver for Chrome 89)
17:14:52.443 [pool-2-thread-1] DEBUG i.g.bonigarcia.wdm.WebDriverManager - Driver chromedriver 89.0.4389.23 found in cache
17:14:52.444 [pool-2-thread-1] INFO  i.g.bonigarcia.wdm.WebDriverManager - Exporting webdriver.chrome.driver as C:\Users\EdwinFerreira\.cache\selenium\chromedriver\win32\89.0.4389.23\chromedriver.exe
17:14:52.777 [pool-2-thread-1] INFO  n.s.c.w.d.ProvideNewDriver - Instantiating driver
17:14:52.778 [pool-2-thread-1] INFO  n.s.c.w.d.ProvideNewDriver - Driver capabilities: Capabilities {acceptInsecureCerts: false, browserName: chrome, goog:chromeOptions: {args: [], extensions: []}, loggingPrefs: org.openqa.selenium.logging...}
[Fecha de transporte, Punto de recogida, Total de personas]
17:15:01.731 [pool-2-thread-1] INFO   - 
        __    _____ _____ ____ _____   ____   _    ____  ____  _____ ____  
  _     \ \  |_   _| ____/ ___|_   _| |  _ \ / \  / ___|/ ___|| ____|  _ \ 
 (_)_____| |   | | |  _| \___ \ | |   | |_) / _ \ \___ \\___ \|  _| | | | |
  _|_____| |   | | | |___ ___) || |   |  __/ ___ \ ___) |___) | |___| |_| |
 (_)     | |   |_| |_____|____/ |_|   |_| /_/   \_\____/|____/|_____|____/ 
        /_/                                                                

Esta sección para el informe de la demanda de transporte debe contener lo siguiente
----------------------------------------------------------------------------
]]></system-out>
    <system-err><![CDATA[Starting ChromeDriver 89.0.4389.23 (61b08ee2c50024bab004e48d2b1b083cdbdac579-refs/branch-heads/4389@{#294}) on port 16367
Only local connections are allowed.
Please see https://chromedriver.chromium.org/security-considerations for suggestions on keeping ChromeDriver safe.
ChromeDriver was started successfully.
abr. 07, 2021 5:14:54 P. M. org.openqa.selenium.remote.ProtocolHandshake createSession
INFORMACIÓN: Detected dialect: W3C
]]></system-err>
  </testcase>
  <testcase name="Esta sección del informe de la demanda del transporte debe contener los siguiente a nivel de experiencia, para una mejor y fácil consulta. #1" classname="YO como empresa transportadora y administrador del E-commerce" time="12.011">
    <system-out><![CDATA[17:15:02.514 [pool-2-thread-1] INFO  i.c.core.plugin.SerenityReporter - Running feature from file:///C:/Users/EdwinFerreira/Documents/bitsamericas/TestTransportation/src/test/resources/features/demand.feature
17:15:02.516 [pool-2-thread-1] INFO   - 
 _____ _____ ____ _____   ____ _____  _    ____ _____ _____ ____  
|_   _| ____/ ___|_   _| / ___|_   _|/ \  |  _ \_   _| ____|  _ \ 
  | | |  _| \___ \ | |   \___ \ | | / _ \ | |_) || | |  _| | | | |
  | | | |___ ___) || |    ___) || |/ ___ \|  _ < | | | |___| |_| |
  |_| |_____|____/ |_|   |____/ |_/_/   \_\_| \_\|_| |_____|____/ 

Esta sección del informe de la demanda del transporte debe contener los siguiente a nivel de experiencia, para una mejor y fácil consulta.(yo-como-empresa-transportadora-y-administrador-del-e-commerce;esta-sección-del-informe-de-la-demanda-del-transporte-debe-contener-los-siguiente-a-nivel-de-experiencia--para-una-mejor-y-fácil-consulta.)
-------------------------------------------------------------------
17:15:02.541 [pool-2-thread-1] INFO  n.s.c.w.d.ChromeDriverProvider - Using automatically driver download
17:15:02.547 [pool-2-thread-1] DEBUG i.g.b.wdm.cache.ResolutionCache - Resolution chrome=89 in cache (valid until 17:24:58 07/04/2021 COT)
17:15:02.548 [pool-2-thread-1] DEBUG i.g.b.wdm.cache.ResolutionCache - Resolution chrome89=89.0.4389.23 in cache (valid until 20:03:11 07/04/2021 COT)
17:15:02.549 [pool-2-thread-1] INFO  i.g.bonigarcia.wdm.WebDriverManager - Using chromedriver 89.0.4389.23 (resolved driver for Chrome 89)
17:15:02.556 [pool-2-thread-1] DEBUG i.g.bonigarcia.wdm.WebDriverManager - Driver chromedriver 89.0.4389.23 found in cache
17:15:02.557 [pool-2-thread-1] INFO  i.g.bonigarcia.wdm.WebDriverManager - Exporting webdriver.chrome.driver as C:\Users\EdwinFerreira\.cache\selenium\chromedriver\win32\89.0.4389.23\chromedriver.exe
17:15:02.907 [pool-2-thread-1] INFO  n.s.c.w.d.ProvideNewDriver - Instantiating driver
17:15:02.908 [pool-2-thread-1] INFO  n.s.c.w.d.ProvideNewDriver - Driver capabilities: Capabilities {acceptInsecureCerts: false, browserName: chrome, goog:chromeOptions: {args: [], extensions: []}, loggingPrefs: org.openqa.selenium.logging...}
17:15:14.518 [pool-2-thread-1] INFO   - 
        __    _____ _____ ____ _____   ____   _    ____  ____  _____ ____  
  _     \ \  |_   _| ____/ ___|_   _| |  _ \ / \  / ___|/ ___|| ____|  _ \ 
 (_)_____| |   | | |  _| \___ \ | |   | |_) / _ \ \___ \\___ \|  _| | | | |
  _|_____| |   | | | |___ ___) || |   |  __/ ___ \ ___) |___) | |___| |_| |
 (_)     | |   |_| |_____|____/ |_|   |_| /_/   \_\____/|____/|_____|____/ 
        /_/                                                                

Esta sección del informe de la demanda del transporte debe contener los siguiente a nivel de experiencia, para una mejor y fácil consulta.
----------------------------------------------------------------------------
]]></system-out>
    <system-err><![CDATA[Starting ChromeDriver 89.0.4389.23 (61b08ee2c50024bab004e48d2b1b083cdbdac579-refs/branch-heads/4389@{#294}) on port 18452
Only local connections are allowed.
Please see https://chromedriver.chromium.org/security-considerations for suggestions on keeping ChromeDriver safe.
ChromeDriver was started successfully.
abr. 07, 2021 5:15:04 P. M. org.openqa.selenium.remote.ProtocolHandshake createSession
INFORMACIÓN: Detected dialect: W3C
]]></system-err>
  </testcase>
  <testcase name="Esta sección del informe de la demanda del transporte debe contener los siguiente a nivel de experiencia, para una mejor y fácil consulta. #2" classname="YO como empresa transportadora y administrador del E-commerce" time="9.403">
    <system-out><![CDATA[17:15:14.521 [pool-2-thread-1] INFO  i.c.core.plugin.SerenityReporter - Running feature from file:///C:/Users/EdwinFerreira/Documents/bitsamericas/TestTransportation/src/test/resources/features/demand.feature
17:15:14.545 [pool-2-thread-1] INFO  n.s.c.w.d.ChromeDriverProvider - Using automatically driver download
17:15:14.554 [pool-2-thread-1] DEBUG i.g.b.wdm.cache.ResolutionCache - Resolution chrome=89 in cache (valid until 17:24:58 07/04/2021 COT)
17:15:14.555 [pool-2-thread-1] DEBUG i.g.b.wdm.cache.ResolutionCache - Resolution chrome89=89.0.4389.23 in cache (valid until 20:03:11 07/04/2021 COT)
17:15:14.555 [pool-2-thread-1] INFO  i.g.bonigarcia.wdm.WebDriverManager - Using chromedriver 89.0.4389.23 (resolved driver for Chrome 89)
17:15:14.561 [pool-2-thread-1] DEBUG i.g.bonigarcia.wdm.WebDriverManager - Driver chromedriver 89.0.4389.23 found in cache
17:15:14.562 [pool-2-thread-1] INFO  i.g.bonigarcia.wdm.WebDriverManager - Exporting webdriver.chrome.driver as C:\Users\EdwinFerreira\.cache\selenium\chromedriver\win32\89.0.4389.23\chromedriver.exe
17:15:14.828 [pool-2-thread-1] INFO  n.s.c.w.d.ProvideNewDriver - Instantiating driver
17:15:14.828 [pool-2-thread-1] INFO  n.s.c.w.d.ProvideNewDriver - Driver capabilities: Capabilities {acceptInsecureCerts: false, browserName: chrome, goog:chromeOptions: {args: [], extensions: []}, loggingPrefs: org.openqa.selenium.logging...}
17:15:23.919 [pool-2-thread-1] INFO   - 
        __    _____ _____ ____ _____   ____   _    ____  ____  _____ ____  
  _     \ \  |_   _| ____/ ___|_   _| |  _ \ / \  / ___|/ ___|| ____|  _ \ 
 (_)_____| |   | | |  _| \___ \ | |   | |_) / _ \ \___ \\___ \|  _| | | | |
  _|_____| |   | | | |___ ___) || |   |  __/ ___ \ ___) |___) | |___| |_| |
 (_)     | |   |_| |_____|____/ |_|   |_| /_/   \_\____/|____/|_____|____/ 
        /_/                                                                

Esta sección del informe de la demanda del transporte debe contener los siguiente a nivel de experiencia, para una mejor y fácil consulta.
----------------------------------------------------------------------------
]]></system-out>
    <system-err><![CDATA[Starting ChromeDriver 89.0.4389.23 (61b08ee2c50024bab004e48d2b1b083cdbdac579-refs/branch-heads/4389@{#294}) on port 33614
Only local connections are allowed.
Please see https://chromedriver.chromium.org/security-considerations for suggestions on keeping ChromeDriver safe.
ChromeDriver was started successfully.
abr. 07, 2021 5:15:16 P. M. org.openqa.selenium.remote.ProtocolHandshake createSession
INFORMACIÓN: Detected dialect: W3C
]]></system-err>
  </testcase>
  <testcase name="Esta sección del informe de la demanda del transporte debe contener los siguiente a nivel de experiencia, para una mejor y fácil consulta. #3" classname="YO como empresa transportadora y administrador del E-commerce" time="12.66">
    <system-out><![CDATA[17:15:23.951 [pool-2-thread-1] INFO  i.c.core.plugin.SerenityReporter - Running feature from file:///C:/Users/EdwinFerreira/Documents/bitsamericas/TestTransportation/src/test/resources/features/demand.feature
17:15:24.012 [pool-2-thread-1] INFO  n.s.c.w.d.ChromeDriverProvider - Using automatically driver download
17:15:24.022 [pool-2-thread-1] DEBUG i.g.b.wdm.cache.ResolutionCache - Resolution chrome=89 in cache (valid until 17:24:58 07/04/2021 COT)
17:15:24.024 [pool-2-thread-1] DEBUG i.g.b.wdm.cache.ResolutionCache - Resolution chrome89=89.0.4389.23 in cache (valid until 20:03:11 07/04/2021 COT)
17:15:24.024 [pool-2-thread-1] INFO  i.g.bonigarcia.wdm.WebDriverManager - Using chromedriver 89.0.4389.23 (resolved driver for Chrome 89)
17:15:24.030 [pool-2-thread-1] DEBUG i.g.bonigarcia.wdm.WebDriverManager - Driver chromedriver 89.0.4389.23 found in cache
17:15:24.031 [pool-2-thread-1] INFO  i.g.bonigarcia.wdm.WebDriverManager - Exporting webdriver.chrome.driver as C:\Users\EdwinFerreira\.cache\selenium\chromedriver\win32\89.0.4389.23\chromedriver.exe
17:15:24.321 [pool-2-thread-1] INFO  n.s.c.w.d.ProvideNewDriver - Instantiating driver
17:15:24.322 [pool-2-thread-1] INFO  n.s.c.w.d.ProvideNewDriver - Driver capabilities: Capabilities {acceptInsecureCerts: false, browserName: chrome, goog:chromeOptions: {args: [], extensions: []}, loggingPrefs: org.openqa.selenium.logging...}
]]></system-out>
    <system-err><![CDATA[Starting ChromeDriver 89.0.4389.23 (61b08ee2c50024bab004e48d2b1b083cdbdac579-refs/branch-heads/4389@{#294}) on port 22054
Only local connections are allowed.
Please see https://chromedriver.chromium.org/security-considerations for suggestions on keeping ChromeDriver safe.
ChromeDriver was started successfully.
abr. 07, 2021 5:15:26 P. M. org.openqa.selenium.remote.ProtocolHandshake createSession
INFORMACIÓN: Detected dialect: W3C
]]></system-err>
  </testcase>
  <testcase name="Esta sección del informe de la demanda del transporte debe contener los siguiente a nivel de experiencia, para una mejor y fácil consulta. #4" classname="YO como empresa transportadora y administrador del E-commerce" time="9.609">
    <system-out><![CDATA[17:15:36.588 [pool-2-thread-1] INFO  i.c.core.plugin.SerenityReporter - Running feature from file:///C:/Users/EdwinFerreira/Documents/bitsamericas/TestTransportation/src/test/resources/features/demand.feature
17:15:36.647 [pool-2-thread-1] INFO  n.s.c.w.d.ChromeDriverProvider - Using automatically driver download
17:15:36.668 [pool-2-thread-1] DEBUG i.g.b.wdm.cache.ResolutionCache - Resolution chrome=89 in cache (valid until 17:24:58 07/04/2021 COT)
17:15:36.671 [pool-2-thread-1] DEBUG i.g.b.wdm.cache.ResolutionCache - Resolution chrome89=89.0.4389.23 in cache (valid until 20:03:11 07/04/2021 COT)
17:15:36.671 [pool-2-thread-1] INFO  i.g.bonigarcia.wdm.WebDriverManager - Using chromedriver 89.0.4389.23 (resolved driver for Chrome 89)
17:15:36.683 [pool-2-thread-1] DEBUG i.g.bonigarcia.wdm.WebDriverManager - Driver chromedriver 89.0.4389.23 found in cache
17:15:36.685 [pool-2-thread-1] INFO  i.g.bonigarcia.wdm.WebDriverManager - Exporting webdriver.chrome.driver as C:\Users\EdwinFerreira\.cache\selenium\chromedriver\win32\89.0.4389.23\chromedriver.exe
17:15:37.086 [pool-2-thread-1] INFO  n.s.c.w.d.ProvideNewDriver - Instantiating driver
17:15:37.086 [pool-2-thread-1] INFO  n.s.c.w.d.ProvideNewDriver - Driver capabilities: Capabilities {acceptInsecureCerts: false, browserName: chrome, goog:chromeOptions: {args: [], extensions: []}, loggingPrefs: org.openqa.selenium.logging...}
]]></system-out>
    <system-err><![CDATA[Starting ChromeDriver 89.0.4389.23 (61b08ee2c50024bab004e48d2b1b083cdbdac579-refs/branch-heads/4389@{#294}) on port 40100
Only local connections are allowed.
Please see https://chromedriver.chromium.org/security-considerations for suggestions on keeping ChromeDriver safe.
ChromeDriver was started successfully.
abr. 07, 2021 5:15:38 P. M. org.openqa.selenium.remote.ProtocolHandshake createSession
INFORMACIÓN: Detected dialect: W3C
]]></system-err>
  </testcase>
</testsuite>